[0.180s] DEBUG:colcon:Command line arguments: ['/usr/bin/colcon', 'build']
[0.180s] DEBUG:colcon:Parsed command line arguments: Namespace(log_base=None, log_level=None, verb_name='build', build_base='build', install_base='install', merge_install=False, symlink_install=False, test_result_base=None, continue_on_error=False, executor='parallel', parallel_workers=6, event_handlers=None, ignore_user_meta=False, metas=['./colcon.meta'], base_paths=['.'], packages_ignore=None, packages_ignore_regex=None, paths=None, packages_up_to=None, packages_up_to_regex=None, packages_above=None, packages_above_and_dependencies=None, packages_above_depth=None, packages_select_by_dep=None, packages_skip_by_dep=None, packages_skip_up_to=None, packages_select_build_failed=False, packages_skip_build_finished=False, packages_select_test_failures=False, packages_skip_test_passed=False, packages_select=None, packages_skip=None, packages_select_regex=None, packages_skip_regex=None, packages_start=None, packages_end=None, allow_overriding=[], cmake_args=None, cmake_target=None, cmake_target_skip_unavailable=False, cmake_clean_cache=False, cmake_clean_first=False, cmake_force_configure=False, ament_cmake_args=None, catkin_cmake_args=None, catkin_skip_building_tests=False, mixin_files=None, mixin=None, verb_parser=<colcon_mixin.mixin.mixin_argument.MixinArgumentDecorator object at 0x7ea39a8e3fa0>, verb_extension=<colcon_core.verb.build.BuildVerb object at 0x7ea39aa28e50>, main=<bound method BuildVerb.main of <colcon_core.verb.build.BuildVerb object at 0x7ea39aa28e50>>, mixin_verb=('build',))
[0.513s] Level 1:colcon.colcon_core.package_discovery:discover_packages(colcon_meta) check parameters
[0.513s] Level 1:colcon.colcon_core.package_discovery:discover_packages(recursive) check parameters
[0.514s] Level 1:colcon.colcon_core.package_discovery:discover_packages(ignore) check parameters
[0.514s] Level 1:colcon.colcon_core.package_discovery:discover_packages(path) check parameters
[0.514s] Level 1:colcon.colcon_core.package_discovery:discover_packages(colcon_meta) discover
[0.514s] Level 1:colcon.colcon_core.package_discovery:discover_packages(recursive) discover
[0.514s] INFO:colcon.colcon_core.package_discovery:Crawling recursively for packages in '/home/vboxuser/turtlebot3_ws'
[0.514s] Level 1:colcon.colcon_core.package_identification:_identify(.) by extensions ['ignore', 'ignore_ament_install']
[0.514s] Level 1:colcon.colcon_core.package_identification:_identify(.) by extension 'ignore'
[0.514s] Level 1:colcon.colcon_core.package_identification:_identify(.) by extension 'ignore_ament_install'
[0.515s] Level 1:colcon.colcon_core.package_identification:_identify(.) by extensions ['colcon_pkg']
[0.515s] Level 1:colcon.colcon_core.package_identification:_identify(.) by extension 'colcon_pkg'
[0.515s] Level 1:colcon.colcon_core.package_identification:_identify(.) by extensions ['colcon_meta']
[0.515s] Level 1:colcon.colcon_core.package_identification:_identify(.) by extension 'colcon_meta'
[0.515s] Level 1:colcon.colcon_core.package_identification:_identify(.) by extensions ['ros']
[0.515s] Level 1:colcon.colcon_core.package_identification:_identify(.) by extension 'ros'
[0.530s] Level 1:colcon.colcon_core.package_identification:_identify(.) by extensions ['cmake', 'python']
[0.530s] Level 1:colcon.colcon_core.package_identification:_identify(.) by extension 'cmake'
[0.530s] Level 1:colcon.colcon_core.package_identification:_identify(.) by extension 'python'
[0.530s] Level 1:colcon.colcon_core.package_identification:_identify(.) by extensions ['python_setup_py']
[0.530s] Level 1:colcon.colcon_core.package_identification:_identify(.) by extension 'python_setup_py'
[0.531s] Level 1:colcon.colcon_core.package_identification:_identify(build) by extensions ['ignore', 'ignore_ament_install']
[0.531s] Level 1:colcon.colcon_core.package_identification:_identify(build) by extension 'ignore'
[0.531s] Level 1:colcon.colcon_core.package_identification:_identify(build) ignored
[0.531s] Level 1:colcon.colcon_core.package_identification:_identify(install) by extensions ['ignore', 'ignore_ament_install']
[0.531s] Level 1:colcon.colcon_core.package_identification:_identify(install) by extension 'ignore'
[0.531s] Level 1:colcon.colcon_core.package_identification:_identify(install) ignored
[0.532s] Level 1:colcon.colcon_core.package_identification:_identify(log) by extensions ['ignore', 'ignore_ament_install']
[0.532s] Level 1:colcon.colcon_core.package_identification:_identify(log) by extension 'ignore'
[0.532s] Level 1:colcon.colcon_core.package_identification:_identify(log) ignored
[0.532s] Level 1:colcon.colcon_core.package_identification:_identify(src) by extensions ['ignore', 'ignore_ament_install']
[0.532s] Level 1:colcon.colcon_core.package_identification:_identify(src) by extension 'ignore'
[0.533s] Level 1:colcon.colcon_core.package_identification:_identify(src) by extension 'ignore_ament_install'
[0.533s] Level 1:colcon.colcon_core.package_identification:_identify(src) by extensions ['colcon_pkg']
[0.533s] Level 1:colcon.colcon_core.package_identification:_identify(src) by extension 'colcon_pkg'
[0.534s] Level 1:colcon.colcon_core.package_identification:_identify(src) by extensions ['colcon_meta']
[0.534s] Level 1:colcon.colcon_core.package_identification:_identify(src) by extension 'colcon_meta'
[0.534s] Level 1:colcon.colcon_core.package_identification:_identify(src) by extensions ['ros']
[0.534s] Level 1:colcon.colcon_core.package_identification:_identify(src) by extension 'ros'
[0.535s] Level 1:colcon.colcon_core.package_identification:_identify(src) by extensions ['cmake', 'python']
[0.535s] Level 1:colcon.colcon_core.package_identification:_identify(src) by extension 'cmake'
[0.535s] Level 1:colcon.colcon_core.package_identification:_identify(src) by extension 'python'
[0.535s] Level 1:colcon.colcon_core.package_identification:_identify(src) by extensions ['python_setup_py']
[0.535s] Level 1:colcon.colcon_core.package_identification:_identify(src) by extension 'python_setup_py'
[0.536s] Level 1:colcon.colcon_core.package_identification:_identify(src/detection_node) by extensions ['ignore', 'ignore_ament_install']
[0.536s] Level 1:colcon.colcon_core.package_identification:_identify(src/detection_node) by extension 'ignore'
[0.536s] Level 1:colcon.colcon_core.package_identification:_identify(src/detection_node) by extension 'ignore_ament_install'
[0.536s] Level 1:colcon.colcon_core.package_identification:_identify(src/detection_node) by extensions ['colcon_pkg']
[0.536s] Level 1:colcon.colcon_core.package_identification:_identify(src/detection_node) by extension 'colcon_pkg'
[0.537s] Level 1:colcon.colcon_core.package_identification:_identify(src/detection_node) by extensions ['colcon_meta']
[0.537s] Level 1:colcon.colcon_core.package_identification:_identify(src/detection_node) by extension 'colcon_meta'
[0.537s] Level 1:colcon.colcon_core.package_identification:_identify(src/detection_node) by extensions ['ros']
[0.537s] Level 1:colcon.colcon_core.package_identification:_identify(src/detection_node) by extension 'ros'
[0.537s] Level 1:colcon.colcon_core.package_identification:_identify(src/detection_node) by extensions ['cmake', 'python']
[0.537s] Level 1:colcon.colcon_core.package_identification:_identify(src/detection_node) by extension 'cmake'
[0.537s] Level 1:colcon.colcon_core.package_identification:_identify(src/detection_node) by extension 'python'
[0.538s] Level 1:colcon.colcon_core.package_identification:_identify(src/detection_node) by extensions ['python_setup_py']
[0.538s] Level 1:colcon.colcon_core.package_identification:_identify(src/detection_node) by extension 'python_setup_py'
[0.538s] Level 1:colcon.colcon_core.package_identification:_identify(src/detection_node/detection_node) by extensions ['ignore', 'ignore_ament_install']
[0.538s] Level 1:colcon.colcon_core.package_identification:_identify(src/detection_node/detection_node) by extension 'ignore'
[0.538s] Level 1:colcon.colcon_core.package_identification:_identify(src/detection_node/detection_node) by extension 'ignore_ament_install'
[0.538s] Level 1:colcon.colcon_core.package_identification:_identify(src/detection_node/detection_node) by extensions ['colcon_pkg']
[0.538s] Level 1:colcon.colcon_core.package_identification:_identify(src/detection_node/detection_node) by extension 'colcon_pkg'
[0.538s] Level 1:colcon.colcon_core.package_identification:_identify(src/detection_node/detection_node) by extensions ['colcon_meta']
[0.538s] Level 1:colcon.colcon_core.package_identification:_identify(src/detection_node/detection_node) by extension 'colcon_meta'
[0.538s] Level 1:colcon.colcon_core.package_identification:_identify(src/detection_node/detection_node) by extensions ['ros']
[0.539s] Level 1:colcon.colcon_core.package_identification:_identify(src/detection_node/detection_node) by extension 'ros'
[0.539s] Level 1:colcon.colcon_core.package_identification:_identify(src/detection_node/detection_node) by extensions ['cmake', 'python']
[0.539s] Level 1:colcon.colcon_core.package_identification:_identify(src/detection_node/detection_node) by extension 'cmake'
[0.539s] Level 1:colcon.colcon_core.package_identification:_identify(src/detection_node/detection_node) by extension 'python'
[0.539s] Level 1:colcon.colcon_core.package_identification:_identify(src/detection_node/detection_node) by extensions ['python_setup_py']
[0.539s] Level 1:colcon.colcon_core.package_identification:_identify(src/detection_node/detection_node) by extension 'python_setup_py'
[0.539s] Level 1:colcon.colcon_core.package_identification:_identify(src/gesture_detection) by extensions ['ignore', 'ignore_ament_install']
[0.539s] Level 1:colcon.colcon_core.package_identification:_identify(src/gesture_detection) by extension 'ignore'
[0.539s] Level 1:colcon.colcon_core.package_identification:_identify(src/gesture_detection) by extension 'ignore_ament_install'
[0.539s] Level 1:colcon.colcon_core.package_identification:_identify(src/gesture_detection) by extensions ['colcon_pkg']
[0.539s] Level 1:colcon.colcon_core.package_identification:_identify(src/gesture_detection) by extension 'colcon_pkg'
[0.539s] Level 1:colcon.colcon_core.package_identification:_identify(src/gesture_detection) by extensions ['colcon_meta']
[0.539s] Level 1:colcon.colcon_core.package_identification:_identify(src/gesture_detection) by extension 'colcon_meta'
[0.540s] Level 1:colcon.colcon_core.package_identification:_identify(src/gesture_detection) by extensions ['ros']
[0.540s] Level 1:colcon.colcon_core.package_identification:_identify(src/gesture_detection) by extension 'ros'
[0.545s] DEBUG:colcon.colcon_core.package_identification:Package 'src/gesture_detection' with type 'ros.ament_python' and name 'gesture_detection'
[0.545s] Level 1:colcon.colcon_core.package_identification:_identify(src/turtlebot3_simulations) by extensions ['ignore', 'ignore_ament_install']
[0.546s] Level 1:colcon.colcon_core.package_identification:_identify(src/turtlebot3_simulations) by extension 'ignore'
[0.546s] Level 1:colcon.colcon_core.package_identification:_identify(src/turtlebot3_simulations) by extension 'ignore_ament_install'
[0.546s] Level 1:colcon.colcon_core.package_identification:_identify(src/turtlebot3_simulations) by extensions ['colcon_pkg']
[0.547s] Level 1:colcon.colcon_core.package_identification:_identify(src/turtlebot3_simulations) by extension 'colcon_pkg'
[0.547s] Level 1:colcon.colcon_core.package_identification:_identify(src/turtlebot3_simulations) by extensions ['colcon_meta']
[0.547s] Level 1:colcon.colcon_core.package_identification:_identify(src/turtlebot3_simulations) by extension 'colcon_meta'
[0.547s] Level 1:colcon.colcon_core.package_identification:_identify(src/turtlebot3_simulations) by extensions ['ros']
[0.547s] Level 1:colcon.colcon_core.package_identification:_identify(src/turtlebot3_simulations) by extension 'ros'
[0.547s] Level 1:colcon.colcon_core.package_identification:_identify(src/turtlebot3_simulations) by extensions ['cmake', 'python']
[0.548s] Level 1:colcon.colcon_core.package_identification:_identify(src/turtlebot3_simulations) by extension 'cmake'
[0.548s] Level 1:colcon.colcon_core.package_identification:_identify(src/turtlebot3_simulations) by extension 'python'
[0.548s] Level 1:colcon.colcon_core.package_identification:_identify(src/turtlebot3_simulations) by extensions ['python_setup_py']
[0.548s] Level 1:colcon.colcon_core.package_identification:_identify(src/turtlebot3_simulations) by extension 'python_setup_py'
[0.549s] Level 1:colcon.colcon_core.package_identification:_identify(src/turtlebot3_simulations/turtlebot3_fake_node) by extensions ['ignore', 'ignore_ament_install']
[0.549s] Level 1:colcon.colcon_core.package_identification:_identify(src/turtlebot3_simulations/turtlebot3_fake_node) by extension 'ignore'
[0.549s] Level 1:colcon.colcon_core.package_identification:_identify(src/turtlebot3_simulations/turtlebot3_fake_node) by extension 'ignore_ament_install'
[0.549s] Level 1:colcon.colcon_core.package_identification:_identify(src/turtlebot3_simulations/turtlebot3_fake_node) by extensions ['colcon_pkg']
[0.549s] Level 1:colcon.colcon_core.package_identification:_identify(src/turtlebot3_simulations/turtlebot3_fake_node) by extension 'colcon_pkg'
[0.550s] Level 1:colcon.colcon_core.package_identification:_identify(src/turtlebot3_simulations/turtlebot3_fake_node) by extensions ['colcon_meta']
[0.550s] Level 1:colcon.colcon_core.package_identification:_identify(src/turtlebot3_simulations/turtlebot3_fake_node) by extension 'colcon_meta'
[0.550s] Level 1:colcon.colcon_core.package_identification:_identify(src/turtlebot3_simulations/turtlebot3_fake_node) by extensions ['ros']
[0.550s] Level 1:colcon.colcon_core.package_identification:_identify(src/turtlebot3_simulations/turtlebot3_fake_node) by extension 'ros'
[0.554s] DEBUG:colcon.colcon_core.package_identification:Package 'src/turtlebot3_simulations/turtlebot3_fake_node' with type 'ros.ament_cmake' and name 'turtlebot3_fake_node'
[0.554s] Level 1:colcon.colcon_core.package_identification:_identify(src/turtlebot3_simulations/turtlebot3_gazebo) by extensions ['ignore', 'ignore_ament_install']
[0.554s] Level 1:colcon.colcon_core.package_identification:_identify(src/turtlebot3_simulations/turtlebot3_gazebo) by extension 'ignore'
[0.554s] Level 1:colcon.colcon_core.package_identification:_identify(src/turtlebot3_simulations/turtlebot3_gazebo) by extension 'ignore_ament_install'
[0.554s] Level 1:colcon.colcon_core.package_identification:_identify(src/turtlebot3_simulations/turtlebot3_gazebo) by extensions ['colcon_pkg']
[0.554s] Level 1:colcon.colcon_core.package_identification:_identify(src/turtlebot3_simulations/turtlebot3_gazebo) by extension 'colcon_pkg'
[0.555s] Level 1:colcon.colcon_core.package_identification:_identify(src/turtlebot3_simulations/turtlebot3_gazebo) by extensions ['colcon_meta']
[0.555s] Level 1:colcon.colcon_core.package_identification:_identify(src/turtlebot3_simulations/turtlebot3_gazebo) by extension 'colcon_meta'
[0.555s] Level 1:colcon.colcon_core.package_identification:_identify(src/turtlebot3_simulations/turtlebot3_gazebo) by extensions ['ros']
[0.555s] Level 1:colcon.colcon_core.package_identification:_identify(src/turtlebot3_simulations/turtlebot3_gazebo) by extension 'ros'
[0.556s] DEBUG:colcon.colcon_core.package_identification:Package 'src/turtlebot3_simulations/turtlebot3_gazebo' with type 'ros.ament_cmake' and name 'turtlebot3_gazebo'
[0.556s] Level 1:colcon.colcon_core.package_identification:_identify(src/turtlebot3_simulations/turtlebot3_simulations) by extensions ['ignore', 'ignore_ament_install']
[0.556s] Level 1:colcon.colcon_core.package_identification:_identify(src/turtlebot3_simulations/turtlebot3_simulations) by extension 'ignore'
[0.557s] Level 1:colcon.colcon_core.package_identification:_identify(src/turtlebot3_simulations/turtlebot3_simulations) by extension 'ignore_ament_install'
[0.557s] Level 1:colcon.colcon_core.package_identification:_identify(src/turtlebot3_simulations/turtlebot3_simulations) by extensions ['colcon_pkg']
[0.557s] Level 1:colcon.colcon_core.package_identification:_identify(src/turtlebot3_simulations/turtlebot3_simulations) by extension 'colcon_pkg'
[0.557s] Level 1:colcon.colcon_core.package_identification:_identify(src/turtlebot3_simulations/turtlebot3_simulations) by extensions ['colcon_meta']
[0.557s] Level 1:colcon.colcon_core.package_identification:_identify(src/turtlebot3_simulations/turtlebot3_simulations) by extension 'colcon_meta'
[0.557s] Level 1:colcon.colcon_core.package_identification:_identify(src/turtlebot3_simulations/turtlebot3_simulations) by extensions ['ros']
[0.557s] Level 1:colcon.colcon_core.package_identification:_identify(src/turtlebot3_simulations/turtlebot3_simulations) by extension 'ros'
[0.558s] DEBUG:colcon.colcon_core.package_identification:Package 'src/turtlebot3_simulations/turtlebot3_simulations' with type 'ros.ament_cmake' and name 'turtlebot3_simulations'
[0.558s] Level 1:colcon.colcon_core.package_identification:_identify(venv) by extensions ['ignore', 'ignore_ament_install']
[0.558s] Level 1:colcon.colcon_core.package_identification:_identify(venv) by extension 'ignore'
[0.558s] Level 1:colcon.colcon_core.package_identification:_identify(venv) ignored
[0.558s] Level 1:colcon.colcon_core.package_discovery:discover_packages(recursive) using defaults
[0.558s] Level 1:colcon.colcon_core.package_discovery:discover_packages(ignore) discover
[0.558s] Level 1:colcon.colcon_core.package_discovery:discover_packages(ignore) using defaults
[0.558s] Level 1:colcon.colcon_core.package_discovery:discover_packages(path) discover
[0.558s] Level 1:colcon.colcon_core.package_discovery:discover_packages(path) using defaults
[0.604s] Level 1:colcon.colcon_core.package_discovery:discover_packages(prefix_path) check parameters
[0.604s] Level 1:colcon.colcon_core.package_discovery:discover_packages(prefix_path) discover
[0.607s] DEBUG:colcon.colcon_installed_package_information.package_discovery:Found 4 installed packages in /home/vboxuser/turtlebot3_ws/install
[0.609s] DEBUG:colcon.colcon_installed_package_information.package_discovery:Found 395 installed packages in /opt/ros/humble
[0.612s] Level 1:colcon.colcon_core.package_discovery:discover_packages(prefix_path) using defaults
[0.689s] Level 5:colcon.colcon_core.verb:set package 'gesture_detection' build argument 'cmake_args' from command line to 'None'
[0.689s] Level 5:colcon.colcon_core.verb:set package 'gesture_detection' build argument 'cmake_target' from command line to 'None'
[0.689s] Level 5:colcon.colcon_core.verb:set package 'gesture_detection' build argument 'cmake_target_skip_unavailable' from command line to 'False'
[0.689s] Level 5:colcon.colcon_core.verb:set package 'gesture_detection' build argument 'cmake_clean_cache' from command line to 'False'
[0.689s] Level 5:colcon.colcon_core.verb:set package 'gesture_detection' build argument 'cmake_clean_first' from command line to 'False'
[0.689s] Level 5:colcon.colcon_core.verb:set package 'gesture_detection' build argument 'cmake_force_configure' from command line to 'False'
[0.689s] Level 5:colcon.colcon_core.verb:set package 'gesture_detection' build argument 'ament_cmake_args' from command line to 'None'
[0.689s] Level 5:colcon.colcon_core.verb:set package 'gesture_detection' build argument 'catkin_cmake_args' from command line to 'None'
[0.689s] Level 5:colcon.colcon_core.verb:set package 'gesture_detection' build argument 'catkin_skip_building_tests' from command line to 'False'
[0.689s] DEBUG:colcon.colcon_core.verb:Building package 'gesture_detection' with the following arguments: {'ament_cmake_args': None, 'build_base': '/home/vboxuser/turtlebot3_ws/build/gesture_detection', 'catkin_cmake_args': None, 'catkin_skip_building_tests': False, 'cmake_args': None, 'cmake_clean_cache': False, 'cmake_clean_first': False, 'cmake_force_configure': False, 'cmake_target': None, 'cmake_target_skip_unavailable': False, 'install_base': '/home/vboxuser/turtlebot3_ws/install/gesture_detection', 'merge_install': False, 'path': '/home/vboxuser/turtlebot3_ws/src/gesture_detection', 'symlink_install': False, 'test_result_base': None}
[0.689s] Level 5:colcon.colcon_core.verb:set package 'turtlebot3_fake_node' build argument 'cmake_args' from command line to 'None'
[0.689s] Level 5:colcon.colcon_core.verb:set package 'turtlebot3_fake_node' build argument 'cmake_target' from command line to 'None'
[0.689s] Level 5:colcon.colcon_core.verb:set package 'turtlebot3_fake_node' build argument 'cmake_target_skip_unavailable' from command line to 'False'
[0.689s] Level 5:colcon.colcon_core.verb:set package 'turtlebot3_fake_node' build argument 'cmake_clean_cache' from command line to 'False'
[0.690s] Level 5:colcon.colcon_core.verb:set package 'turtlebot3_fake_node' build argument 'cmake_clean_first' from command line to 'False'
[0.690s] Level 5:colcon.colcon_core.verb:set package 'turtlebot3_fake_node' build argument 'cmake_force_configure' from command line to 'False'
[0.690s] Level 5:colcon.colcon_core.verb:set package 'turtlebot3_fake_node' build argument 'ament_cmake_args' from command line to 'None'
[0.690s] Level 5:colcon.colcon_core.verb:set package 'turtlebot3_fake_node' build argument 'catkin_cmake_args' from command line to 'None'
[0.690s] Level 5:colcon.colcon_core.verb:set package 'turtlebot3_fake_node' build argument 'catkin_skip_building_tests' from command line to 'False'
[0.690s] DEBUG:colcon.colcon_core.verb:Building package 'turtlebot3_fake_node' with the following arguments: {'ament_cmake_args': None, 'build_base': '/home/vboxuser/turtlebot3_ws/build/turtlebot3_fake_node', 'catkin_cmake_args': None, 'catkin_skip_building_tests': False, 'cmake_args': None, 'cmake_clean_cache': False, 'cmake_clean_first': False, 'cmake_force_configure': False, 'cmake_target': None, 'cmake_target_skip_unavailable': False, 'install_base': '/home/vboxuser/turtlebot3_ws/install/turtlebot3_fake_node', 'merge_install': False, 'path': '/home/vboxuser/turtlebot3_ws/src/turtlebot3_simulations/turtlebot3_fake_node', 'symlink_install': False, 'test_result_base': None}
[0.691s] Level 5:colcon.colcon_core.verb:set package 'turtlebot3_gazebo' build argument 'cmake_args' from command line to 'None'
[0.691s] Level 5:colcon.colcon_core.verb:set package 'turtlebot3_gazebo' build argument 'cmake_target' from command line to 'None'
[0.691s] Level 5:colcon.colcon_core.verb:set package 'turtlebot3_gazebo' build argument 'cmake_target_skip_unavailable' from command line to 'False'
[0.691s] Level 5:colcon.colcon_core.verb:set package 'turtlebot3_gazebo' build argument 'cmake_clean_cache' from command line to 'False'
[0.691s] Level 5:colcon.colcon_core.verb:set package 'turtlebot3_gazebo' build argument 'cmake_clean_first' from command line to 'False'
[0.691s] Level 5:colcon.colcon_core.verb:set package 'turtlebot3_gazebo' build argument 'cmake_force_configure' from command line to 'False'
[0.691s] Level 5:colcon.colcon_core.verb:set package 'turtlebot3_gazebo' build argument 'ament_cmake_args' from command line to 'None'
[0.691s] Level 5:colcon.colcon_core.verb:set package 'turtlebot3_gazebo' build argument 'catkin_cmake_args' from command line to 'None'
[0.691s] Level 5:colcon.colcon_core.verb:set package 'turtlebot3_gazebo' build argument 'catkin_skip_building_tests' from command line to 'False'
[0.691s] DEBUG:colcon.colcon_core.verb:Building package 'turtlebot3_gazebo' with the following arguments: {'ament_cmake_args': None, 'build_base': '/home/vboxuser/turtlebot3_ws/build/turtlebot3_gazebo', 'catkin_cmake_args': None, 'catkin_skip_building_tests': False, 'cmake_args': None, 'cmake_clean_cache': False, 'cmake_clean_first': False, 'cmake_force_configure': False, 'cmake_target': None, 'cmake_target_skip_unavailable': False, 'install_base': '/home/vboxuser/turtlebot3_ws/install/turtlebot3_gazebo', 'merge_install': False, 'path': '/home/vboxuser/turtlebot3_ws/src/turtlebot3_simulations/turtlebot3_gazebo', 'symlink_install': False, 'test_result_base': None}
[0.691s] Level 5:colcon.colcon_core.verb:set package 'turtlebot3_simulations' build argument 'cmake_args' from command line to 'None'
[0.691s] Level 5:colcon.colcon_core.verb:set package 'turtlebot3_simulations' build argument 'cmake_target' from command line to 'None'
[0.691s] Level 5:colcon.colcon_core.verb:set package 'turtlebot3_simulations' build argument 'cmake_target_skip_unavailable' from command line to 'False'
[0.691s] Level 5:colcon.colcon_core.verb:set package 'turtlebot3_simulations' build argument 'cmake_clean_cache' from command line to 'False'
[0.691s] Level 5:colcon.colcon_core.verb:set package 'turtlebot3_simulations' build argument 'cmake_clean_first' from command line to 'False'
[0.691s] Level 5:colcon.colcon_core.verb:set package 'turtlebot3_simulations' build argument 'cmake_force_configure' from command line to 'False'
[0.692s] Level 5:colcon.colcon_core.verb:set package 'turtlebot3_simulations' build argument 'ament_cmake_args' from command line to 'None'
[0.692s] Level 5:colcon.colcon_core.verb:set package 'turtlebot3_simulations' build argument 'catkin_cmake_args' from command line to 'None'
[0.692s] Level 5:colcon.colcon_core.verb:set package 'turtlebot3_simulations' build argument 'catkin_skip_building_tests' from command line to 'False'
[0.692s] DEBUG:colcon.colcon_core.verb:Building package 'turtlebot3_simulations' with the following arguments: {'ament_cmake_args': None, 'build_base': '/home/vboxuser/turtlebot3_ws/build/turtlebot3_simulations', 'catkin_cmake_args': None, 'catkin_skip_building_tests': False, 'cmake_args': None, 'cmake_clean_cache': False, 'cmake_clean_first': False, 'cmake_force_configure': False, 'cmake_target': None, 'cmake_target_skip_unavailable': False, 'install_base': '/home/vboxuser/turtlebot3_ws/install/turtlebot3_simulations', 'merge_install': False, 'path': '/home/vboxuser/turtlebot3_ws/src/turtlebot3_simulations/turtlebot3_simulations', 'symlink_install': False, 'test_result_base': None}
[0.692s] INFO:colcon.colcon_core.executor:Executing jobs using 'parallel' executor
[0.693s] DEBUG:colcon.colcon_parallel_executor.executor.parallel:run_until_complete
[0.694s] INFO:colcon.colcon_ros.task.ament_cmake.build:Building ROS package in '/home/vboxuser/turtlebot3_ws/src/turtlebot3_simulations/turtlebot3_fake_node' with build type 'ament_cmake'
[0.694s] INFO:colcon.colcon_cmake.task.cmake.build:Building CMake package in '/home/vboxuser/turtlebot3_ws/src/turtlebot3_simulations/turtlebot3_fake_node'
[0.697s] INFO:colcon.colcon_core.plugin_system:Skipping extension 'colcon_core.shell.bat': Not used on non-Windows systems
[0.698s] INFO:colcon.colcon_core.shell:Skip shell extension 'powershell' for command environment: Not usable outside of PowerShell
[0.698s] DEBUG:colcon.colcon_core.shell:Skip shell extension 'dsv' for command environment
[0.706s] INFO:colcon.colcon_ros.task.ament_cmake.build:Building ROS package in '/home/vboxuser/turtlebot3_ws/src/turtlebot3_simulations/turtlebot3_gazebo' with build type 'ament_cmake'
[0.706s] INFO:colcon.colcon_cmake.task.cmake.build:Building CMake package in '/home/vboxuser/turtlebot3_ws/src/turtlebot3_simulations/turtlebot3_gazebo'
[0.706s] INFO:colcon.colcon_core.shell:Skip shell extension 'powershell' for command environment: Not usable outside of PowerShell
[0.706s] DEBUG:colcon.colcon_core.shell:Skip shell extension 'dsv' for command environment
[0.711s] INFO:colcon.colcon_ros.task.ament_python.build:Building ROS package in '/home/vboxuser/turtlebot3_ws/src/gesture_detection' with build type 'ament_python'
[0.712s] Level 1:colcon.colcon_core.shell:create_environment_hook('gesture_detection', 'ament_prefix_path')
[0.712s] INFO:colcon.colcon_core.shell:Creating environment hook '/home/vboxuser/turtlebot3_ws/install/gesture_detection/share/gesture_detection/hook/ament_prefix_path.ps1'
[0.713s] INFO:colcon.colcon_core.shell:Creating environment descriptor '/home/vboxuser/turtlebot3_ws/install/gesture_detection/share/gesture_detection/hook/ament_prefix_path.dsv'
[0.713s] INFO:colcon.colcon_core.shell:Creating environment hook '/home/vboxuser/turtlebot3_ws/install/gesture_detection/share/gesture_detection/hook/ament_prefix_path.sh'
[0.714s] INFO:colcon.colcon_core.shell:Skip shell extension 'powershell' for command environment: Not usable outside of PowerShell
[0.715s] DEBUG:colcon.colcon_core.shell:Skip shell extension 'dsv' for command environment
[0.730s] DEBUG:colcon.colcon_core.event_handler.log_command:Invoking command in '/home/vboxuser/turtlebot3_ws/build/turtlebot3_fake_node': CMAKE_PREFIX_PATH=${CMAKE_PREFIX_PATH}:/home/vboxuser/turtlebot3_ws/install/gesture_detection:/opt/ros/humble /usr/bin/cmake --build /home/vboxuser/turtlebot3_ws/build/turtlebot3_fake_node -- -j6 -l6
[0.750s] DEBUG:colcon.colcon_core.event_handler.log_command:Invoking command in '/home/vboxuser/turtlebot3_ws/build/turtlebot3_gazebo': CMAKE_PREFIX_PATH=${CMAKE_PREFIX_PATH}:/home/vboxuser/turtlebot3_ws/install/gesture_detection:/opt/ros/humble /usr/bin/cmake --build /home/vboxuser/turtlebot3_ws/build/turtlebot3_gazebo -- -j6 -l6
[1.169s] INFO:colcon.colcon_core.task.python.build:Building Python package in '/home/vboxuser/turtlebot3_ws/src/gesture_detection'
[1.169s] INFO:colcon.colcon_core.shell:Skip shell extension 'powershell' for command environment: Not usable outside of PowerShell
[1.169s] DEBUG:colcon.colcon_core.shell:Skip shell extension 'dsv' for command environment
[1.178s] DEBUG:colcon.colcon_core.event_handler.log_command:Invoked command in '/home/vboxuser/turtlebot3_ws/build/turtlebot3_gazebo' returned '0': CMAKE_PREFIX_PATH=${CMAKE_PREFIX_PATH}:/home/vboxuser/turtlebot3_ws/install/gesture_detection:/opt/ros/humble /usr/bin/cmake --build /home/vboxuser/turtlebot3_ws/build/turtlebot3_gazebo -- -j6 -l6
[1.191s] DEBUG:colcon.colcon_core.event_handler.log_command:Invoking command in '/home/vboxuser/turtlebot3_ws/build/turtlebot3_gazebo': CMAKE_PREFIX_PATH=${CMAKE_PREFIX_PATH}:/home/vboxuser/turtlebot3_ws/install/gesture_detection:/opt/ros/humble /usr/bin/cmake --install /home/vboxuser/turtlebot3_ws/build/turtlebot3_gazebo
[1.240s] Level 1:colcon.colcon_core.environment:create_environment_scripts_only(turtlebot3_gazebo)
[1.243s] Level 1:colcon.colcon_core.environment:checking '/home/vboxuser/turtlebot3_ws/install/turtlebot3_gazebo' for CMake module files
[1.247s] DEBUG:colcon.colcon_core.event_handler.log_command:Invoked command in '/home/vboxuser/turtlebot3_ws/build/turtlebot3_gazebo' returned '0': CMAKE_PREFIX_PATH=${CMAKE_PREFIX_PATH}:/home/vboxuser/turtlebot3_ws/install/gesture_detection:/opt/ros/humble /usr/bin/cmake --install /home/vboxuser/turtlebot3_ws/build/turtlebot3_gazebo
[1.249s] Level 1:colcon.colcon_core.environment:checking '/home/vboxuser/turtlebot3_ws/install/turtlebot3_gazebo' for CMake config files
[1.249s] Level 1:colcon.colcon_core.shell:create_environment_hook('turtlebot3_gazebo', 'cmake_prefix_path')
[1.250s] INFO:colcon.colcon_core.shell:Creating environment hook '/home/vboxuser/turtlebot3_ws/install/turtlebot3_gazebo/share/turtlebot3_gazebo/hook/cmake_prefix_path.ps1'
[1.251s] INFO:colcon.colcon_core.shell:Creating environment descriptor '/home/vboxuser/turtlebot3_ws/install/turtlebot3_gazebo/share/turtlebot3_gazebo/hook/cmake_prefix_path.dsv'
[1.251s] INFO:colcon.colcon_core.shell:Creating environment hook '/home/vboxuser/turtlebot3_ws/install/turtlebot3_gazebo/share/turtlebot3_gazebo/hook/cmake_prefix_path.sh'
[1.252s] Level 1:colcon.colcon_core.environment:checking '/home/vboxuser/turtlebot3_ws/install/turtlebot3_gazebo/lib'
[1.253s] Level 1:colcon.colcon_core.environment:checking '/home/vboxuser/turtlebot3_ws/install/turtlebot3_gazebo/bin'
[1.253s] Level 1:colcon.colcon_core.environment:checking '/home/vboxuser/turtlebot3_ws/install/turtlebot3_gazebo/lib/pkgconfig/turtlebot3_gazebo.pc'
[1.253s] Level 1:colcon.colcon_core.environment:checking '/home/vboxuser/turtlebot3_ws/install/turtlebot3_gazebo/lib/python3.10/site-packages'
[1.253s] Level 1:colcon.colcon_core.environment:checking '/home/vboxuser/turtlebot3_ws/install/turtlebot3_gazebo/bin'
[1.254s] INFO:colcon.colcon_core.shell:Creating package script '/home/vboxuser/turtlebot3_ws/install/turtlebot3_gazebo/share/turtlebot3_gazebo/package.ps1'
[1.255s] INFO:colcon.colcon_core.shell:Creating package descriptor '/home/vboxuser/turtlebot3_ws/install/turtlebot3_gazebo/share/turtlebot3_gazebo/package.dsv'
[1.255s] INFO:colcon.colcon_core.shell:Creating package script '/home/vboxuser/turtlebot3_ws/install/turtlebot3_gazebo/share/turtlebot3_gazebo/package.sh'
[1.256s] INFO:colcon.colcon_core.shell:Creating package script '/home/vboxuser/turtlebot3_ws/install/turtlebot3_gazebo/share/turtlebot3_gazebo/package.bash'
[1.257s] INFO:colcon.colcon_core.shell:Creating package script '/home/vboxuser/turtlebot3_ws/install/turtlebot3_gazebo/share/turtlebot3_gazebo/package.zsh'
[1.258s] Level 1:colcon.colcon_core.environment:create_file_with_runtime_dependencies(/home/vboxuser/turtlebot3_ws/install/turtlebot3_gazebo/share/colcon-core/packages/turtlebot3_gazebo)
[1.259s] Level 1:colcon.colcon_core.environment:create_environment_scripts_only(turtlebot3_gazebo)
[1.260s] Level 1:colcon.colcon_core.environment:checking '/home/vboxuser/turtlebot3_ws/install/turtlebot3_gazebo' for CMake module files
[1.260s] Level 1:colcon.colcon_core.environment:checking '/home/vboxuser/turtlebot3_ws/install/turtlebot3_gazebo' for CMake config files
[1.260s] Level 1:colcon.colcon_core.shell:create_environment_hook('turtlebot3_gazebo', 'cmake_prefix_path')
[1.261s] INFO:colcon.colcon_core.shell:Creating environment hook '/home/vboxuser/turtlebot3_ws/install/turtlebot3_gazebo/share/turtlebot3_gazebo/hook/cmake_prefix_path.ps1'
[1.261s] INFO:colcon.colcon_core.shell:Creating environment descriptor '/home/vboxuser/turtlebot3_ws/install/turtlebot3_gazebo/share/turtlebot3_gazebo/hook/cmake_prefix_path.dsv'
[1.263s] INFO:colcon.colcon_core.shell:Creating environment hook '/home/vboxuser/turtlebot3_ws/install/turtlebot3_gazebo/share/turtlebot3_gazebo/hook/cmake_prefix_path.sh'
[1.264s] Level 1:colcon.colcon_core.environment:checking '/home/vboxuser/turtlebot3_ws/install/turtlebot3_gazebo/lib'
[1.264s] Level 1:colcon.colcon_core.environment:checking '/home/vboxuser/turtlebot3_ws/install/turtlebot3_gazebo/bin'
[1.264s] Level 1:colcon.colcon_core.environment:checking '/home/vboxuser/turtlebot3_ws/install/turtlebot3_gazebo/lib/pkgconfig/turtlebot3_gazebo.pc'
[1.264s] Level 1:colcon.colcon_core.environment:checking '/home/vboxuser/turtlebot3_ws/install/turtlebot3_gazebo/lib/python3.10/site-packages'
[1.265s] Level 1:colcon.colcon_core.environment:checking '/home/vboxuser/turtlebot3_ws/install/turtlebot3_gazebo/bin'
[1.265s] INFO:colcon.colcon_core.shell:Creating package script '/home/vboxuser/turtlebot3_ws/install/turtlebot3_gazebo/share/turtlebot3_gazebo/package.ps1'
[1.266s] INFO:colcon.colcon_core.shell:Creating package descriptor '/home/vboxuser/turtlebot3_ws/install/turtlebot3_gazebo/share/turtlebot3_gazebo/package.dsv'
[1.267s] INFO:colcon.colcon_core.shell:Creating package script '/home/vboxuser/turtlebot3_ws/install/turtlebot3_gazebo/share/turtlebot3_gazebo/package.sh'
[1.267s] INFO:colcon.colcon_core.shell:Creating package script '/home/vboxuser/turtlebot3_ws/install/turtlebot3_gazebo/share/turtlebot3_gazebo/package.bash'
[1.268s] INFO:colcon.colcon_core.shell:Creating package script '/home/vboxuser/turtlebot3_ws/install/turtlebot3_gazebo/share/turtlebot3_gazebo/package.zsh'
[1.268s] Level 1:colcon.colcon_core.environment:create_file_with_runtime_dependencies(/home/vboxuser/turtlebot3_ws/install/turtlebot3_gazebo/share/colcon-core/packages/turtlebot3_gazebo)
[1.775s] DEBUG:colcon.colcon_core.event_handler.log_command:Invoking command in '/home/vboxuser/turtlebot3_ws/src/gesture_detection': PYTHONPATH=/home/vboxuser/turtlebot3_ws/build/gesture_detection/prefix_override:/usr/lib/python3/dist-packages/colcon_core/task/python/colcon_distutils_commands:/home/vboxuser/turtlebot3_ws/install/gesture_detection/lib/python3.10/site-packages:${PYTHONPATH} /usr/bin/python3 -W ignore:setup.py install is deprecated -W ignore:easy_install command is deprecated setup.py egg_info --egg-base ../../build/gesture_detection build --build-base /home/vboxuser/turtlebot3_ws/build/gesture_detection/build install --record /home/vboxuser/turtlebot3_ws/build/gesture_detection/install.log --single-version-externally-managed install_data
[2.185s] Level 1:colcon.colcon_core.environment:checking '/home/vboxuser/turtlebot3_ws/install/gesture_detection' for CMake module files
[2.185s] DEBUG:colcon.colcon_core.event_handler.log_command:Invoked command in '/home/vboxuser/turtlebot3_ws/src/gesture_detection' returned '0': PYTHONPATH=/home/vboxuser/turtlebot3_ws/build/gesture_detection/prefix_override:/usr/lib/python3/dist-packages/colcon_core/task/python/colcon_distutils_commands:/home/vboxuser/turtlebot3_ws/install/gesture_detection/lib/python3.10/site-packages:${PYTHONPATH} /usr/bin/python3 -W ignore:setup.py install is deprecated -W ignore:easy_install command is deprecated setup.py egg_info --egg-base ../../build/gesture_detection build --build-base /home/vboxuser/turtlebot3_ws/build/gesture_detection/build install --record /home/vboxuser/turtlebot3_ws/build/gesture_detection/install.log --single-version-externally-managed install_data
[2.186s] Level 1:colcon.colcon_core.environment:checking '/home/vboxuser/turtlebot3_ws/install/gesture_detection' for CMake config files
[2.187s] Level 1:colcon.colcon_core.environment:checking '/home/vboxuser/turtlebot3_ws/install/gesture_detection/lib'
[2.187s] Level 1:colcon.colcon_core.environment:checking '/home/vboxuser/turtlebot3_ws/install/gesture_detection/bin'
[2.187s] Level 1:colcon.colcon_core.environment:checking '/home/vboxuser/turtlebot3_ws/install/gesture_detection/lib/pkgconfig/gesture_detection.pc'
[2.187s] Level 1:colcon.colcon_core.environment:checking '/home/vboxuser/turtlebot3_ws/install/gesture_detection/lib/python3.10/site-packages'
[2.187s] Level 1:colcon.colcon_core.shell:create_environment_hook('gesture_detection', 'pythonpath')
[2.187s] INFO:colcon.colcon_core.shell:Creating environment hook '/home/vboxuser/turtlebot3_ws/install/gesture_detection/share/gesture_detection/hook/pythonpath.ps1'
[2.188s] INFO:colcon.colcon_core.shell:Creating environment descriptor '/home/vboxuser/turtlebot3_ws/install/gesture_detection/share/gesture_detection/hook/pythonpath.dsv'
[2.189s] INFO:colcon.colcon_core.shell:Creating environment hook '/home/vboxuser/turtlebot3_ws/install/gesture_detection/share/gesture_detection/hook/pythonpath.sh'
[2.189s] Level 1:colcon.colcon_core.environment:checking '/home/vboxuser/turtlebot3_ws/install/gesture_detection/bin'
[2.189s] Level 1:colcon.colcon_core.environment:create_environment_scripts_only(gesture_detection)
[2.190s] INFO:colcon.colcon_core.shell:Creating package script '/home/vboxuser/turtlebot3_ws/install/gesture_detection/share/gesture_detection/package.ps1'
[2.190s] INFO:colcon.colcon_core.shell:Creating package descriptor '/home/vboxuser/turtlebot3_ws/install/gesture_detection/share/gesture_detection/package.dsv'
[2.191s] INFO:colcon.colcon_core.shell:Creating package script '/home/vboxuser/turtlebot3_ws/install/gesture_detection/share/gesture_detection/package.sh'
[2.192s] INFO:colcon.colcon_core.shell:Creating package script '/home/vboxuser/turtlebot3_ws/install/gesture_detection/share/gesture_detection/package.bash'
[2.193s] INFO:colcon.colcon_core.shell:Creating package script '/home/vboxuser/turtlebot3_ws/install/gesture_detection/share/gesture_detection/package.zsh'
[2.193s] Level 1:colcon.colcon_core.environment:create_file_with_runtime_dependencies(/home/vboxuser/turtlebot3_ws/install/gesture_detection/share/colcon-core/packages/gesture_detection)
[15.881s] DEBUG:colcon.colcon_core.event_handler.log_command:Invoked command in '/home/vboxuser/turtlebot3_ws/build/turtlebot3_fake_node' returned '0': CMAKE_PREFIX_PATH=${CMAKE_PREFIX_PATH}:/home/vboxuser/turtlebot3_ws/install/gesture_detection:/opt/ros/humble /usr/bin/cmake --build /home/vboxuser/turtlebot3_ws/build/turtlebot3_fake_node -- -j6 -l6
[15.884s] DEBUG:colcon.colcon_core.event_handler.log_command:Invoking command in '/home/vboxuser/turtlebot3_ws/build/turtlebot3_fake_node': CMAKE_PREFIX_PATH=${CMAKE_PREFIX_PATH}:/home/vboxuser/turtlebot3_ws/install/gesture_detection:/opt/ros/humble /usr/bin/cmake --install /home/vboxuser/turtlebot3_ws/build/turtlebot3_fake_node
[15.917s] Level 1:colcon.colcon_core.environment:create_environment_scripts_only(turtlebot3_fake_node)
[15.917s] Level 1:colcon.colcon_core.environment:checking '/home/vboxuser/turtlebot3_ws/install/turtlebot3_fake_node' for CMake module files
[15.918s] DEBUG:colcon.colcon_core.event_handler.log_command:Invoked command in '/home/vboxuser/turtlebot3_ws/build/turtlebot3_fake_node' returned '0': CMAKE_PREFIX_PATH=${CMAKE_PREFIX_PATH}:/home/vboxuser/turtlebot3_ws/install/gesture_detection:/opt/ros/humble /usr/bin/cmake --install /home/vboxuser/turtlebot3_ws/build/turtlebot3_fake_node
[15.919s] Level 1:colcon.colcon_core.environment:checking '/home/vboxuser/turtlebot3_ws/install/turtlebot3_fake_node' for CMake config files
[15.919s] Level 1:colcon.colcon_core.shell:create_environment_hook('turtlebot3_fake_node', 'cmake_prefix_path')
[15.920s] INFO:colcon.colcon_core.shell:Creating environment hook '/home/vboxuser/turtlebot3_ws/install/turtlebot3_fake_node/share/turtlebot3_fake_node/hook/cmake_prefix_path.ps1'
[15.921s] INFO:colcon.colcon_core.shell:Creating environment descriptor '/home/vboxuser/turtlebot3_ws/install/turtlebot3_fake_node/share/turtlebot3_fake_node/hook/cmake_prefix_path.dsv'
[15.921s] INFO:colcon.colcon_core.shell:Creating environment hook '/home/vboxuser/turtlebot3_ws/install/turtlebot3_fake_node/share/turtlebot3_fake_node/hook/cmake_prefix_path.sh'
[15.923s] Level 1:colcon.colcon_core.environment:checking '/home/vboxuser/turtlebot3_ws/install/turtlebot3_fake_node/lib'
[15.923s] Level 1:colcon.colcon_core.environment:checking '/home/vboxuser/turtlebot3_ws/install/turtlebot3_fake_node/bin'
[15.923s] Level 1:colcon.colcon_core.environment:checking '/home/vboxuser/turtlebot3_ws/install/turtlebot3_fake_node/lib/pkgconfig/turtlebot3_fake_node.pc'
[15.924s] Level 1:colcon.colcon_core.environment:checking '/home/vboxuser/turtlebot3_ws/install/turtlebot3_fake_node/lib/python3.10/site-packages'
[15.924s] Level 1:colcon.colcon_core.environment:checking '/home/vboxuser/turtlebot3_ws/install/turtlebot3_fake_node/bin'
[15.925s] INFO:colcon.colcon_core.shell:Creating package script '/home/vboxuser/turtlebot3_ws/install/turtlebot3_fake_node/share/turtlebot3_fake_node/package.ps1'
[15.927s] INFO:colcon.colcon_core.shell:Creating package descriptor '/home/vboxuser/turtlebot3_ws/install/turtlebot3_fake_node/share/turtlebot3_fake_node/package.dsv'
[15.927s] INFO:colcon.colcon_core.shell:Creating package script '/home/vboxuser/turtlebot3_ws/install/turtlebot3_fake_node/share/turtlebot3_fake_node/package.sh'
[15.928s] INFO:colcon.colcon_core.shell:Creating package script '/home/vboxuser/turtlebot3_ws/install/turtlebot3_fake_node/share/turtlebot3_fake_node/package.bash'
[15.928s] INFO:colcon.colcon_core.shell:Creating package script '/home/vboxuser/turtlebot3_ws/install/turtlebot3_fake_node/share/turtlebot3_fake_node/package.zsh'
[15.930s] Level 1:colcon.colcon_core.environment:create_file_with_runtime_dependencies(/home/vboxuser/turtlebot3_ws/install/turtlebot3_fake_node/share/colcon-core/packages/turtlebot3_fake_node)
[15.931s] Level 1:colcon.colcon_core.environment:create_environment_scripts_only(turtlebot3_fake_node)
[15.931s] Level 1:colcon.colcon_core.environment:checking '/home/vboxuser/turtlebot3_ws/install/turtlebot3_fake_node' for CMake module files
[15.932s] Level 1:colcon.colcon_core.environment:checking '/home/vboxuser/turtlebot3_ws/install/turtlebot3_fake_node' for CMake config files
[15.933s] Level 1:colcon.colcon_core.shell:create_environment_hook('turtlebot3_fake_node', 'cmake_prefix_path')
[15.933s] INFO:colcon.colcon_core.shell:Creating environment hook '/home/vboxuser/turtlebot3_ws/install/turtlebot3_fake_node/share/turtlebot3_fake_node/hook/cmake_prefix_path.ps1'
[15.934s] INFO:colcon.colcon_core.shell:Creating environment descriptor '/home/vboxuser/turtlebot3_ws/install/turtlebot3_fake_node/share/turtlebot3_fake_node/hook/cmake_prefix_path.dsv'
[15.934s] INFO:colcon.colcon_core.shell:Creating environment hook '/home/vboxuser/turtlebot3_ws/install/turtlebot3_fake_node/share/turtlebot3_fake_node/hook/cmake_prefix_path.sh'
[15.936s] Level 1:colcon.colcon_core.environment:checking '/home/vboxuser/turtlebot3_ws/install/turtlebot3_fake_node/lib'
[15.936s] Level 1:colcon.colcon_core.environment:checking '/home/vboxuser/turtlebot3_ws/install/turtlebot3_fake_node/bin'
[15.936s] Level 1:colcon.colcon_core.environment:checking '/home/vboxuser/turtlebot3_ws/install/turtlebot3_fake_node/lib/pkgconfig/turtlebot3_fake_node.pc'
[15.936s] Level 1:colcon.colcon_core.environment:checking '/home/vboxuser/turtlebot3_ws/install/turtlebot3_fake_node/lib/python3.10/site-packages'
[15.937s] Level 1:colcon.colcon_core.environment:checking '/home/vboxuser/turtlebot3_ws/install/turtlebot3_fake_node/bin'
[15.937s] INFO:colcon.colcon_core.shell:Creating package script '/home/vboxuser/turtlebot3_ws/install/turtlebot3_fake_node/share/turtlebot3_fake_node/package.ps1'
[15.938s] INFO:colcon.colcon_core.shell:Creating package descriptor '/home/vboxuser/turtlebot3_ws/install/turtlebot3_fake_node/share/turtlebot3_fake_node/package.dsv'
[15.939s] INFO:colcon.colcon_core.shell:Creating package script '/home/vboxuser/turtlebot3_ws/install/turtlebot3_fake_node/share/turtlebot3_fake_node/package.sh'
[15.940s] INFO:colcon.colcon_core.shell:Creating package script '/home/vboxuser/turtlebot3_ws/install/turtlebot3_fake_node/share/turtlebot3_fake_node/package.bash'
[15.941s] INFO:colcon.colcon_core.shell:Creating package script '/home/vboxuser/turtlebot3_ws/install/turtlebot3_fake_node/share/turtlebot3_fake_node/package.zsh'
[15.942s] Level 1:colcon.colcon_core.environment:create_file_with_runtime_dependencies(/home/vboxuser/turtlebot3_ws/install/turtlebot3_fake_node/share/colcon-core/packages/turtlebot3_fake_node)
[15.943s] INFO:colcon.colcon_ros.task.ament_cmake.build:Building ROS package in '/home/vboxuser/turtlebot3_ws/src/turtlebot3_simulations/turtlebot3_simulations' with build type 'ament_cmake'
[15.943s] INFO:colcon.colcon_cmake.task.cmake.build:Building CMake package in '/home/vboxuser/turtlebot3_ws/src/turtlebot3_simulations/turtlebot3_simulations'
[15.943s] INFO:colcon.colcon_core.shell:Skip shell extension 'powershell' for command environment: Not usable outside of PowerShell
[15.943s] DEBUG:colcon.colcon_core.shell:Skip shell extension 'dsv' for command environment
[15.962s] DEBUG:colcon.colcon_core.event_handler.log_command:Invoking command in '/home/vboxuser/turtlebot3_ws/build/turtlebot3_simulations': CMAKE_PREFIX_PATH=/home/vboxuser/turtlebot3_ws/install/turtlebot3_gazebo:/home/vboxuser/turtlebot3_ws/install/turtlebot3_fake_node:/home/vboxuser/turtlebot3_ws/install/turtlebot3_simulations:/home/vboxuser/turtlebot3_ws/install/gesture_detection:/opt/ros/humble /usr/bin/cmake --build /home/vboxuser/turtlebot3_ws/build/turtlebot3_simulations -- -j6 -l6
[16.034s] DEBUG:colcon.colcon_core.event_handler.log_command:Invoked command in '/home/vboxuser/turtlebot3_ws/build/turtlebot3_simulations' returned '0': CMAKE_PREFIX_PATH=/home/vboxuser/turtlebot3_ws/install/turtlebot3_gazebo:/home/vboxuser/turtlebot3_ws/install/turtlebot3_fake_node:/home/vboxuser/turtlebot3_ws/install/turtlebot3_simulations:/home/vboxuser/turtlebot3_ws/install/gesture_detection:/opt/ros/humble /usr/bin/cmake --build /home/vboxuser/turtlebot3_ws/build/turtlebot3_simulations -- -j6 -l6
[16.036s] DEBUG:colcon.colcon_core.event_handler.log_command:Invoking command in '/home/vboxuser/turtlebot3_ws/build/turtlebot3_simulations': CMAKE_PREFIX_PATH=/home/vboxuser/turtlebot3_ws/install/turtlebot3_gazebo:/home/vboxuser/turtlebot3_ws/install/turtlebot3_fake_node:/home/vboxuser/turtlebot3_ws/install/turtlebot3_simulations:/home/vboxuser/turtlebot3_ws/install/gesture_detection:/opt/ros/humble /usr/bin/cmake --install /home/vboxuser/turtlebot3_ws/build/turtlebot3_simulations
[16.067s] Level 1:colcon.colcon_core.environment:create_environment_scripts_only(turtlebot3_simulations)
[16.068s] Level 1:colcon.colcon_core.environment:checking '/home/vboxuser/turtlebot3_ws/install/turtlebot3_simulations' for CMake module files
[16.069s] DEBUG:colcon.colcon_core.event_handler.log_command:Invoked command in '/home/vboxuser/turtlebot3_ws/build/turtlebot3_simulations' returned '0': CMAKE_PREFIX_PATH=/home/vboxuser/turtlebot3_ws/install/turtlebot3_gazebo:/home/vboxuser/turtlebot3_ws/install/turtlebot3_fake_node:/home/vboxuser/turtlebot3_ws/install/turtlebot3_simulations:/home/vboxuser/turtlebot3_ws/install/gesture_detection:/opt/ros/humble /usr/bin/cmake --install /home/vboxuser/turtlebot3_ws/build/turtlebot3_simulations
[16.069s] Level 1:colcon.colcon_core.environment:checking '/home/vboxuser/turtlebot3_ws/install/turtlebot3_simulations' for CMake config files
[16.069s] Level 1:colcon.colcon_core.shell:create_environment_hook('turtlebot3_simulations', 'cmake_prefix_path')
[16.070s] INFO:colcon.colcon_core.shell:Creating environment hook '/home/vboxuser/turtlebot3_ws/install/turtlebot3_simulations/share/turtlebot3_simulations/hook/cmake_prefix_path.ps1'
[16.070s] INFO:colcon.colcon_core.shell:Creating environment descriptor '/home/vboxuser/turtlebot3_ws/install/turtlebot3_simulations/share/turtlebot3_simulations/hook/cmake_prefix_path.dsv'
[16.071s] INFO:colcon.colcon_core.shell:Creating environment hook '/home/vboxuser/turtlebot3_ws/install/turtlebot3_simulations/share/turtlebot3_simulations/hook/cmake_prefix_path.sh'
[16.072s] Level 1:colcon.colcon_core.environment:checking '/home/vboxuser/turtlebot3_ws/install/turtlebot3_simulations/bin'
[16.072s] Level 1:colcon.colcon_core.environment:checking '/home/vboxuser/turtlebot3_ws/install/turtlebot3_simulations/lib/pkgconfig/turtlebot3_simulations.pc'
[16.072s] Level 1:colcon.colcon_core.environment:checking '/home/vboxuser/turtlebot3_ws/install/turtlebot3_simulations/lib/python3.10/site-packages'
[16.073s] Level 1:colcon.colcon_core.environment:checking '/home/vboxuser/turtlebot3_ws/install/turtlebot3_simulations/bin'
[16.073s] INFO:colcon.colcon_core.shell:Creating package script '/home/vboxuser/turtlebot3_ws/install/turtlebot3_simulations/share/turtlebot3_simulations/package.ps1'
[16.074s] INFO:colcon.colcon_core.shell:Creating package descriptor '/home/vboxuser/turtlebot3_ws/install/turtlebot3_simulations/share/turtlebot3_simulations/package.dsv'
[16.074s] INFO:colcon.colcon_core.shell:Creating package script '/home/vboxuser/turtlebot3_ws/install/turtlebot3_simulations/share/turtlebot3_simulations/package.sh'
[16.075s] INFO:colcon.colcon_core.shell:Creating package script '/home/vboxuser/turtlebot3_ws/install/turtlebot3_simulations/share/turtlebot3_simulations/package.bash'
[16.075s] INFO:colcon.colcon_core.shell:Creating package script '/home/vboxuser/turtlebot3_ws/install/turtlebot3_simulations/share/turtlebot3_simulations/package.zsh'
[16.076s] Level 1:colcon.colcon_core.environment:create_file_with_runtime_dependencies(/home/vboxuser/turtlebot3_ws/install/turtlebot3_simulations/share/colcon-core/packages/turtlebot3_simulations)
[16.077s] Level 1:colcon.colcon_core.environment:create_environment_scripts_only(turtlebot3_simulations)
[16.077s] Level 1:colcon.colcon_core.environment:checking '/home/vboxuser/turtlebot3_ws/install/turtlebot3_simulations' for CMake module files
[16.077s] Level 1:colcon.colcon_core.environment:checking '/home/vboxuser/turtlebot3_ws/install/turtlebot3_simulations' for CMake config files
[16.077s] Level 1:colcon.colcon_core.shell:create_environment_hook('turtlebot3_simulations', 'cmake_prefix_path')
[16.078s] INFO:colcon.colcon_core.shell:Creating environment hook '/home/vboxuser/turtlebot3_ws/install/turtlebot3_simulations/share/turtlebot3_simulations/hook/cmake_prefix_path.ps1'
[16.078s] INFO:colcon.colcon_core.shell:Creating environment descriptor '/home/vboxuser/turtlebot3_ws/install/turtlebot3_simulations/share/turtlebot3_simulations/hook/cmake_prefix_path.dsv'
[16.079s] INFO:colcon.colcon_core.shell:Creating environment hook '/home/vboxuser/turtlebot3_ws/install/turtlebot3_simulations/share/turtlebot3_simulations/hook/cmake_prefix_path.sh'
[16.080s] Level 1:colcon.colcon_core.environment:checking '/home/vboxuser/turtlebot3_ws/install/turtlebot3_simulations/bin'
[16.080s] Level 1:colcon.colcon_core.environment:checking '/home/vboxuser/turtlebot3_ws/install/turtlebot3_simulations/lib/pkgconfig/turtlebot3_simulations.pc'
[16.080s] Level 1:colcon.colcon_core.environment:checking '/home/vboxuser/turtlebot3_ws/install/turtlebot3_simulations/lib/python3.10/site-packages'
[16.080s] Level 1:colcon.colcon_core.environment:checking '/home/vboxuser/turtlebot3_ws/install/turtlebot3_simulations/bin'
[16.081s] INFO:colcon.colcon_core.shell:Creating package script '/home/vboxuser/turtlebot3_ws/install/turtlebot3_simulations/share/turtlebot3_simulations/package.ps1'
[16.081s] INFO:colcon.colcon_core.shell:Creating package descriptor '/home/vboxuser/turtlebot3_ws/install/turtlebot3_simulations/share/turtlebot3_simulations/package.dsv'
[16.082s] INFO:colcon.colcon_core.shell:Creating package script '/home/vboxuser/turtlebot3_ws/install/turtlebot3_simulations/share/turtlebot3_simulations/package.sh'
[16.083s] INFO:colcon.colcon_core.shell:Creating package script '/home/vboxuser/turtlebot3_ws/install/turtlebot3_simulations/share/turtlebot3_simulations/package.bash'
[16.084s] INFO:colcon.colcon_core.shell:Creating package script '/home/vboxuser/turtlebot3_ws/install/turtlebot3_simulations/share/turtlebot3_simulations/package.zsh'
[16.084s] Level 1:colcon.colcon_core.environment:create_file_with_runtime_dependencies(/home/vboxuser/turtlebot3_ws/install/turtlebot3_simulations/share/colcon-core/packages/turtlebot3_simulations)
[16.085s] DEBUG:colcon.colcon_parallel_executor.executor.parallel:closing loop
[16.086s] DEBUG:colcon.colcon_parallel_executor.executor.parallel:loop closed
[16.086s] DEBUG:colcon.colcon_parallel_executor.executor.parallel:run_until_complete finished with '0'
[16.086s] DEBUG:colcon.colcon_core.event_reactor:joining thread
[16.094s] INFO:colcon.colcon_core.plugin_system:Skipping extension 'colcon_notification.desktop_notification.terminal_notifier': Not used on non-Darwin systems
[16.094s] INFO:colcon.colcon_core.plugin_system:Skipping extension 'colcon_notification.desktop_notification.win32': Not used on non-Windows systems
[16.095s] INFO:colcon.colcon_notification.desktop_notification:Sending desktop notification using 'notify2'
[16.116s] DEBUG:colcon.colcon_core.event_reactor:joined thread
[16.117s] INFO:colcon.colcon_core.shell:Creating prefix script '/home/vboxuser/turtlebot3_ws/install/local_setup.ps1'
[16.118s] INFO:colcon.colcon_core.shell:Creating prefix util module '/home/vboxuser/turtlebot3_ws/install/_local_setup_util_ps1.py'
[16.120s] INFO:colcon.colcon_core.shell:Creating prefix chain script '/home/vboxuser/turtlebot3_ws/install/setup.ps1'
[16.122s] INFO:colcon.colcon_core.shell:Creating prefix script '/home/vboxuser/turtlebot3_ws/install/local_setup.sh'
[16.123s] INFO:colcon.colcon_core.shell:Creating prefix util module '/home/vboxuser/turtlebot3_ws/install/_local_setup_util_sh.py'
[16.124s] INFO:colcon.colcon_core.shell:Creating prefix chain script '/home/vboxuser/turtlebot3_ws/install/setup.sh'
[16.125s] INFO:colcon.colcon_core.shell:Creating prefix script '/home/vboxuser/turtlebot3_ws/install/local_setup.bash'
[16.126s] INFO:colcon.colcon_core.shell:Creating prefix chain script '/home/vboxuser/turtlebot3_ws/install/setup.bash'
[16.128s] INFO:colcon.colcon_core.shell:Creating prefix script '/home/vboxuser/turtlebot3_ws/install/local_setup.zsh'
[16.129s] INFO:colcon.colcon_core.shell:Creating prefix chain script '/home/vboxuser/turtlebot3_ws/install/setup.zsh'
