running egg_info
creating ../../build/gesture_detection/gesture_detection.egg-info
writing ../../build/gesture_detection/gesture_detection.egg-info/PKG-INFO
writing dependency_links to ../../build/gesture_detection/gesture_detection.egg-info/dependency_links.txt
writing entry points to ../../build/gesture_detection/gesture_detection.egg-info/entry_points.txt
writing requirements to ../../build/gesture_detection/gesture_detection.egg-info/requires.txt
writing top-level names to ../../build/gesture_detection/gesture_detection.egg-info/top_level.txt
writing manifest file '../../build/gesture_detection/gesture_detection.egg-info/SOURCES.txt'
reading manifest file '../../build/gesture_detection/gesture_detection.egg-info/SOURCES.txt'
adding license file 'LICENSE'
writing manifest file '../../build/gesture_detection/gesture_detection.egg-info/SOURCES.txt'
running build
running build_py
creating /home/vboxuser/turtlebot3_ws/build/gesture_detection/build
creating /home/vboxuser/turtlebot3_ws/build/gesture_detection/build/lib
creating /home/vboxuser/turtlebot3_ws/build/gesture_detection/build/lib/gesture_detection
copying gesture_detection/__init__.py -> /home/vboxuser/turtlebot3_ws/build/gesture_detection/build/lib/gesture_detection
copying gesture_detection/publisher.py -> /home/vboxuser/turtlebot3_ws/build/gesture_detection/build/lib/gesture_detection
running install
running install_lib
creating /home/vboxuser/turtlebot3_ws/install/gesture_detection/lib/python3.10/site-packages/gesture_detection
copying /home/vboxuser/turtlebot3_ws/build/gesture_detection/build/lib/gesture_detection/__init__.py -> /home/vboxuser/turtlebot3_ws/install/gesture_detection/lib/python3.10/site-packages/gesture_detection
copying /home/vboxuser/turtlebot3_ws/build/gesture_detection/build/lib/gesture_detection/publisher.py -> /home/vboxuser/turtlebot3_ws/install/gesture_detection/lib/python3.10/site-packages/gesture_detection
byte-compiling /home/vboxuser/turtlebot3_ws/install/gesture_detection/lib/python3.10/site-packages/gesture_detection/__init__.py to __init__.cpython-310.pyc
byte-compiling /home/vboxuser/turtlebot3_ws/install/gesture_detection/lib/python3.10/site-packages/gesture_detection/publisher.py to publisher.cpython-310.pyc
running install_data
creating /home/vboxuser/turtlebot3_ws/install/gesture_detection/share/ament_index
creating /home/vboxuser/turtlebot3_ws/install/gesture_detection/share/ament_index/resource_index
creating /home/vboxuser/turtlebot3_ws/install/gesture_detection/share/ament_index/resource_index/packages
copying resource/gesture_detection -> /home/vboxuser/turtlebot3_ws/install/gesture_detection/share/ament_index/resource_index/packages
copying package.xml -> /home/vboxuser/turtlebot3_ws/install/gesture_detection/share/gesture_detection
running install_egg_info
Copying ../../build/gesture_detection/gesture_detection.egg-info to /home/vboxuser/turtlebot3_ws/install/gesture_detection/lib/python3.10/site-packages/gesture_detection-0.0.0-py3.10.egg-info
running install_scripts
writing list of installed files to '/home/vboxuser/turtlebot3_ws/build/gesture_detection/install.log'
