[1.053s] Invoking command in '/home/vboxuser/turtlebot3_ws/src/gesture_detection': PS1=(hand_detection) \[\e]0;\u@\h: \w\a\]${debian_chroot:+($debian_chroot)}\[\033[01;32m\]\u@\h\[\033[00m\]:\[\033[01;34m\]\w\[\033[00m\]\$ PYTHONPATH=/home/vboxuser/turtlebot3_ws/build/gesture_detection/prefix_override:/usr/lib/python3/dist-packages/colcon_core/task/python/colcon_distutils_commands:/home/vboxuser/turtlebot3_ws/install/gesture_detection/lib/python3.10/site-packages:${PYTHONPATH} /usr/bin/python3 -W ignore:setup.py install is deprecated -W ignore:easy_install command is deprecated setup.py egg_info --egg-base ../../build/gesture_detection build --build-base /home/vboxuser/turtlebot3_ws/build/gesture_detection/build install --record /home/vboxuser/turtlebot3_ws/build/gesture_detection/install.log --single-version-externally-managed install_data
[1.419s] running egg_info
[1.419s] creating ../../build/gesture_detection/gesture_detection.egg-info
[1.419s] writing ../../build/gesture_detection/gesture_detection.egg-info/PKG-INFO
[1.420s] writing dependency_links to ../../build/gesture_detection/gesture_detection.egg-info/dependency_links.txt
[1.420s] writing entry points to ../../build/gesture_detection/gesture_detection.egg-info/entry_points.txt
[1.420s] writing requirements to ../../build/gesture_detection/gesture_detection.egg-info/requires.txt
[1.420s] writing top-level names to ../../build/gesture_detection/gesture_detection.egg-info/top_level.txt
[1.420s] writing manifest file '../../build/gesture_detection/gesture_detection.egg-info/SOURCES.txt'
[1.422s] reading manifest file '../../build/gesture_detection/gesture_detection.egg-info/SOURCES.txt'
[1.423s] adding license file 'LICENSE'
[1.423s] writing manifest file '../../build/gesture_detection/gesture_detection.egg-info/SOURCES.txt'
[1.423s] running build
[1.423s] running build_py
[1.424s] creating /home/vboxuser/turtlebot3_ws/build/gesture_detection/build
[1.424s] creating /home/vboxuser/turtlebot3_ws/build/gesture_detection/build/lib
[1.424s] creating /home/vboxuser/turtlebot3_ws/build/gesture_detection/build/lib/gesture_detection
[1.424s] copying gesture_detection/__init__.py -> /home/vboxuser/turtlebot3_ws/build/gesture_detection/build/lib/gesture_detection
[1.424s] copying gesture_detection/publisher.py -> /home/vboxuser/turtlebot3_ws/build/gesture_detection/build/lib/gesture_detection
[1.424s] running install
[1.425s] running install_lib
[1.425s] creating /home/vboxuser/turtlebot3_ws/install/gesture_detection/lib/python3.10/site-packages/gesture_detection
[1.425s] copying /home/vboxuser/turtlebot3_ws/build/gesture_detection/build/lib/gesture_detection/__init__.py -> /home/vboxuser/turtlebot3_ws/install/gesture_detection/lib/python3.10/site-packages/gesture_detection
[1.426s] copying /home/vboxuser/turtlebot3_ws/build/gesture_detection/build/lib/gesture_detection/publisher.py -> /home/vboxuser/turtlebot3_ws/install/gesture_detection/lib/python3.10/site-packages/gesture_detection
[1.427s] byte-compiling /home/vboxuser/turtlebot3_ws/install/gesture_detection/lib/python3.10/site-packages/gesture_detection/__init__.py to __init__.cpython-310.pyc
[1.429s] byte-compiling /home/vboxuser/turtlebot3_ws/install/gesture_detection/lib/python3.10/site-packages/gesture_detection/publisher.py to publisher.cpython-310.pyc
[1.431s] running install_data
[1.433s] creating /home/vboxuser/turtlebot3_ws/install/gesture_detection/share/ament_index
[1.434s] creating /home/vboxuser/turtlebot3_ws/install/gesture_detection/share/ament_index/resource_index
[1.434s] creating /home/vboxuser/turtlebot3_ws/install/gesture_detection/share/ament_index/resource_index/packages
[1.434s] copying resource/gesture_detection -> /home/vboxuser/turtlebot3_ws/install/gesture_detection/share/ament_index/resource_index/packages
[1.434s] copying package.xml -> /home/vboxuser/turtlebot3_ws/install/gesture_detection/share/gesture_detection
[1.434s] running install_egg_info
[1.435s] Copying ../../build/gesture_detection/gesture_detection.egg-info to /home/vboxuser/turtlebot3_ws/install/gesture_detection/lib/python3.10/site-packages/gesture_detection-0.0.0-py3.10.egg-info
[1.435s] running install_scripts
[1.460s] writing list of installed files to '/home/vboxuser/turtlebot3_ws/build/gesture_detection/install.log'
[1.490s] Invoked command in '/home/vboxuser/turtlebot3_ws/src/gesture_detection' returned '0': PS1=(hand_detection) \[\e]0;\u@\h: \w\a\]${debian_chroot:+($debian_chroot)}\[\033[01;32m\]\u@\h\[\033[00m\]:\[\033[01;34m\]\w\[\033[00m\]\$ PYTHONPATH=/home/vboxuser/turtlebot3_ws/build/gesture_detection/prefix_override:/usr/lib/python3/dist-packages/colcon_core/task/python/colcon_distutils_commands:/home/vboxuser/turtlebot3_ws/install/gesture_detection/lib/python3.10/site-packages:${PYTHONPATH} /usr/bin/python3 -W ignore:setup.py install is deprecated -W ignore:easy_install command is deprecated setup.py egg_info --egg-base ../../build/gesture_detection build --build-base /home/vboxuser/turtlebot3_ws/build/gesture_detection/build install --record /home/vboxuser/turtlebot3_ws/build/gesture_detection/install.log --single-version-externally-managed install_data
