[0.192s] DEBUG:colcon:Command line arguments: ['/usr/bin/colcon', 'build']
[0.192s] DEBUG:colcon:Parsed command line arguments: Namespace(log_base=None, log_level=None, verb_name='build', build_base='build', install_base='install', merge_install=False, symlink_install=False, test_result_base=None, continue_on_error=False, executor='parallel', parallel_workers=6, event_handlers=None, ignore_user_meta=False, metas=['./colcon.meta'], base_paths=['.'], packages_ignore=None, packages_ignore_regex=None, paths=None, packages_up_to=None, packages_up_to_regex=None, packages_above=None, packages_above_and_dependencies=None, packages_above_depth=None, packages_select_by_dep=None, packages_skip_by_dep=None, packages_skip_up_to=None, packages_select_build_failed=False, packages_skip_build_finished=False, packages_select_test_failures=False, packages_skip_test_passed=False, packages_select=None, packages_skip=None, packages_select_regex=None, packages_skip_regex=None, packages_start=None, packages_end=None, allow_overriding=[], cmake_args=None, cmake_target=None, cmake_target_skip_unavailable=False, cmake_clean_cache=False, cmake_clean_first=False, cmake_force_configure=False, ament_cmake_args=None, catkin_cmake_args=None, catkin_skip_building_tests=False, mixin_files=None, mixin=None, verb_parser=<colcon_mixin.mixin.mixin_argument.MixinArgumentDecorator object at 0x724f5ab70040>, verb_extension=<colcon_core.verb.build.BuildVerb object at 0x724f5ac7ce80>, main=<bound method BuildVerb.main of <colcon_core.verb.build.BuildVerb object at 0x724f5ac7ce80>>, mixin_verb=('build',))
[0.525s] Level 1:colcon.colcon_core.package_discovery:discover_packages(colcon_meta) check parameters
[0.525s] Level 1:colcon.colcon_core.package_discovery:discover_packages(recursive) check parameters
[0.525s] Level 1:colcon.colcon_core.package_discovery:discover_packages(ignore) check parameters
[0.525s] Level 1:colcon.colcon_core.package_discovery:discover_packages(path) check parameters
[0.525s] Level 1:colcon.colcon_core.package_discovery:discover_packages(colcon_meta) discover
[0.525s] Level 1:colcon.colcon_core.package_discovery:discover_packages(recursive) discover
[0.525s] INFO:colcon.colcon_core.package_discovery:Crawling recursively for packages in '/home/vboxuser/turtlebot3_ws'
[0.525s] Level 1:colcon.colcon_core.package_identification:_identify(.) by extensions ['ignore', 'ignore_ament_install']
[0.526s] Level 1:colcon.colcon_core.package_identification:_identify(.) by extension 'ignore'
[0.526s] Level 1:colcon.colcon_core.package_identification:_identify(.) by extension 'ignore_ament_install'
[0.526s] Level 1:colcon.colcon_core.package_identification:_identify(.) by extensions ['colcon_pkg']
[0.526s] Level 1:colcon.colcon_core.package_identification:_identify(.) by extension 'colcon_pkg'
[0.526s] Level 1:colcon.colcon_core.package_identification:_identify(.) by extensions ['colcon_meta']
[0.526s] Level 1:colcon.colcon_core.package_identification:_identify(.) by extension 'colcon_meta'
[0.526s] Level 1:colcon.colcon_core.package_identification:_identify(.) by extensions ['ros']
[0.526s] Level 1:colcon.colcon_core.package_identification:_identify(.) by extension 'ros'
[0.541s] Level 1:colcon.colcon_core.package_identification:_identify(.) by extensions ['cmake', 'python']
[0.541s] Level 1:colcon.colcon_core.package_identification:_identify(.) by extension 'cmake'
[0.542s] Level 1:colcon.colcon_core.package_identification:_identify(.) by extension 'python'
[0.542s] Level 1:colcon.colcon_core.package_identification:_identify(.) by extensions ['python_setup_py']
[0.542s] Level 1:colcon.colcon_core.package_identification:_identify(.) by extension 'python_setup_py'
[0.542s] Level 1:colcon.colcon_core.package_identification:_identify(build) by extensions ['ignore', 'ignore_ament_install']
[0.542s] Level 1:colcon.colcon_core.package_identification:_identify(build) by extension 'ignore'
[0.542s] Level 1:colcon.colcon_core.package_identification:_identify(build) ignored
[0.543s] Level 1:colcon.colcon_core.package_identification:_identify(install) by extensions ['ignore', 'ignore_ament_install']
[0.543s] Level 1:colcon.colcon_core.package_identification:_identify(install) by extension 'ignore'
[0.543s] Level 1:colcon.colcon_core.package_identification:_identify(install) ignored
[0.543s] Level 1:colcon.colcon_core.package_identification:_identify(log) by extensions ['ignore', 'ignore_ament_install']
[0.543s] Level 1:colcon.colcon_core.package_identification:_identify(log) by extension 'ignore'
[0.543s] Level 1:colcon.colcon_core.package_identification:_identify(log) ignored
[0.543s] Level 1:colcon.colcon_core.package_identification:_identify(src) by extensions ['ignore', 'ignore_ament_install']
[0.544s] Level 1:colcon.colcon_core.package_identification:_identify(src) by extension 'ignore'
[0.544s] Level 1:colcon.colcon_core.package_identification:_identify(src) by extension 'ignore_ament_install'
[0.544s] Level 1:colcon.colcon_core.package_identification:_identify(src) by extensions ['colcon_pkg']
[0.544s] Level 1:colcon.colcon_core.package_identification:_identify(src) by extension 'colcon_pkg'
[0.544s] Level 1:colcon.colcon_core.package_identification:_identify(src) by extensions ['colcon_meta']
[0.544s] Level 1:colcon.colcon_core.package_identification:_identify(src) by extension 'colcon_meta'
[0.544s] Level 1:colcon.colcon_core.package_identification:_identify(src) by extensions ['ros']
[0.544s] Level 1:colcon.colcon_core.package_identification:_identify(src) by extension 'ros'
[0.544s] Level 1:colcon.colcon_core.package_identification:_identify(src) by extensions ['cmake', 'python']
[0.544s] Level 1:colcon.colcon_core.package_identification:_identify(src) by extension 'cmake'
[0.544s] Level 1:colcon.colcon_core.package_identification:_identify(src) by extension 'python'
[0.544s] Level 1:colcon.colcon_core.package_identification:_identify(src) by extensions ['python_setup_py']
[0.544s] Level 1:colcon.colcon_core.package_identification:_identify(src) by extension 'python_setup_py'
[0.544s] Level 1:colcon.colcon_core.package_identification:_identify(src/detection_node) by extensions ['ignore', 'ignore_ament_install']
[0.545s] Level 1:colcon.colcon_core.package_identification:_identify(src/detection_node) by extension 'ignore'
[0.545s] Level 1:colcon.colcon_core.package_identification:_identify(src/detection_node) by extension 'ignore_ament_install'
[0.545s] Level 1:colcon.colcon_core.package_identification:_identify(src/detection_node) by extensions ['colcon_pkg']
[0.545s] Level 1:colcon.colcon_core.package_identification:_identify(src/detection_node) by extension 'colcon_pkg'
[0.545s] Level 1:colcon.colcon_core.package_identification:_identify(src/detection_node) by extensions ['colcon_meta']
[0.545s] Level 1:colcon.colcon_core.package_identification:_identify(src/detection_node) by extension 'colcon_meta'
[0.545s] Level 1:colcon.colcon_core.package_identification:_identify(src/detection_node) by extensions ['ros']
[0.545s] Level 1:colcon.colcon_core.package_identification:_identify(src/detection_node) by extension 'ros'
[0.545s] Level 1:colcon.colcon_core.package_identification:_identify(src/detection_node) by extensions ['cmake', 'python']
[0.545s] Level 1:colcon.colcon_core.package_identification:_identify(src/detection_node) by extension 'cmake'
[0.545s] Level 1:colcon.colcon_core.package_identification:_identify(src/detection_node) by extension 'python'
[0.545s] Level 1:colcon.colcon_core.package_identification:_identify(src/detection_node) by extensions ['python_setup_py']
[0.545s] Level 1:colcon.colcon_core.package_identification:_identify(src/detection_node) by extension 'python_setup_py'
[0.546s] Level 1:colcon.colcon_core.package_identification:_identify(src/detection_node/detection_node) by extensions ['ignore', 'ignore_ament_install']
[0.546s] Level 1:colcon.colcon_core.package_identification:_identify(src/detection_node/detection_node) by extension 'ignore'
[0.546s] Level 1:colcon.colcon_core.package_identification:_identify(src/detection_node/detection_node) by extension 'ignore_ament_install'
[0.546s] Level 1:colcon.colcon_core.package_identification:_identify(src/detection_node/detection_node) by extensions ['colcon_pkg']
[0.546s] Level 1:colcon.colcon_core.package_identification:_identify(src/detection_node/detection_node) by extension 'colcon_pkg'
[0.546s] Level 1:colcon.colcon_core.package_identification:_identify(src/detection_node/detection_node) by extensions ['colcon_meta']
[0.546s] Level 1:colcon.colcon_core.package_identification:_identify(src/detection_node/detection_node) by extension 'colcon_meta'
[0.546s] Level 1:colcon.colcon_core.package_identification:_identify(src/detection_node/detection_node) by extensions ['ros']
[0.546s] Level 1:colcon.colcon_core.package_identification:_identify(src/detection_node/detection_node) by extension 'ros'
[0.546s] Level 1:colcon.colcon_core.package_identification:_identify(src/detection_node/detection_node) by extensions ['cmake', 'python']
[0.546s] Level 1:colcon.colcon_core.package_identification:_identify(src/detection_node/detection_node) by extension 'cmake'
[0.546s] Level 1:colcon.colcon_core.package_identification:_identify(src/detection_node/detection_node) by extension 'python'
[0.547s] Level 1:colcon.colcon_core.package_identification:_identify(src/detection_node/detection_node) by extensions ['python_setup_py']
[0.547s] Level 1:colcon.colcon_core.package_identification:_identify(src/detection_node/detection_node) by extension 'python_setup_py'
[0.547s] Level 1:colcon.colcon_core.package_identification:_identify(src/gesture_detection) by extensions ['ignore', 'ignore_ament_install']
[0.547s] Level 1:colcon.colcon_core.package_identification:_identify(src/gesture_detection) by extension 'ignore'
[0.547s] Level 1:colcon.colcon_core.package_identification:_identify(src/gesture_detection) by extension 'ignore_ament_install'
[0.547s] Level 1:colcon.colcon_core.package_identification:_identify(src/gesture_detection) by extensions ['colcon_pkg']
[0.547s] Level 1:colcon.colcon_core.package_identification:_identify(src/gesture_detection) by extension 'colcon_pkg'
[0.547s] Level 1:colcon.colcon_core.package_identification:_identify(src/gesture_detection) by extensions ['colcon_meta']
[0.547s] Level 1:colcon.colcon_core.package_identification:_identify(src/gesture_detection) by extension 'colcon_meta'
[0.547s] Level 1:colcon.colcon_core.package_identification:_identify(src/gesture_detection) by extensions ['ros']
[0.547s] Level 1:colcon.colcon_core.package_identification:_identify(src/gesture_detection) by extension 'ros'
[0.551s] DEBUG:colcon.colcon_core.package_identification:Package 'src/gesture_detection' with type 'ros.ament_python' and name 'gesture_detection'
[0.551s] Level 1:colcon.colcon_core.package_identification:_identify(src/turtlebot3_simulations) by extensions ['ignore', 'ignore_ament_install']
[0.552s] Level 1:colcon.colcon_core.package_identification:_identify(src/turtlebot3_simulations) by extension 'ignore'
[0.552s] Level 1:colcon.colcon_core.package_identification:_identify(src/turtlebot3_simulations) by extension 'ignore_ament_install'
[0.552s] Level 1:colcon.colcon_core.package_identification:_identify(src/turtlebot3_simulations) by extensions ['colcon_pkg']
[0.552s] Level 1:colcon.colcon_core.package_identification:_identify(src/turtlebot3_simulations) by extension 'colcon_pkg'
[0.552s] Level 1:colcon.colcon_core.package_identification:_identify(src/turtlebot3_simulations) by extensions ['colcon_meta']
[0.553s] Level 1:colcon.colcon_core.package_identification:_identify(src/turtlebot3_simulations) by extension 'colcon_meta'
[0.553s] Level 1:colcon.colcon_core.package_identification:_identify(src/turtlebot3_simulations) by extensions ['ros']
[0.553s] Level 1:colcon.colcon_core.package_identification:_identify(src/turtlebot3_simulations) by extension 'ros'
[0.553s] Level 1:colcon.colcon_core.package_identification:_identify(src/turtlebot3_simulations) by extensions ['cmake', 'python']
[0.553s] Level 1:colcon.colcon_core.package_identification:_identify(src/turtlebot3_simulations) by extension 'cmake'
[0.554s] Level 1:colcon.colcon_core.package_identification:_identify(src/turtlebot3_simulations) by extension 'python'
[0.554s] Level 1:colcon.colcon_core.package_identification:_identify(src/turtlebot3_simulations) by extensions ['python_setup_py']
[0.554s] Level 1:colcon.colcon_core.package_identification:_identify(src/turtlebot3_simulations) by extension 'python_setup_py'
[0.554s] Level 1:colcon.colcon_core.package_identification:_identify(src/turtlebot3_simulations/turtlebot3_fake_node) by extensions ['ignore', 'ignore_ament_install']
[0.555s] Level 1:colcon.colcon_core.package_identification:_identify(src/turtlebot3_simulations/turtlebot3_fake_node) by extension 'ignore'
[0.555s] Level 1:colcon.colcon_core.package_identification:_identify(src/turtlebot3_simulations/turtlebot3_fake_node) by extension 'ignore_ament_install'
[0.556s] Level 1:colcon.colcon_core.package_identification:_identify(src/turtlebot3_simulations/turtlebot3_fake_node) by extensions ['colcon_pkg']
[0.556s] Level 1:colcon.colcon_core.package_identification:_identify(src/turtlebot3_simulations/turtlebot3_fake_node) by extension 'colcon_pkg'
[0.557s] Level 1:colcon.colcon_core.package_identification:_identify(src/turtlebot3_simulations/turtlebot3_fake_node) by extensions ['colcon_meta']
[0.557s] Level 1:colcon.colcon_core.package_identification:_identify(src/turtlebot3_simulations/turtlebot3_fake_node) by extension 'colcon_meta'
[0.558s] Level 1:colcon.colcon_core.package_identification:_identify(src/turtlebot3_simulations/turtlebot3_fake_node) by extensions ['ros']
[0.558s] Level 1:colcon.colcon_core.package_identification:_identify(src/turtlebot3_simulations/turtlebot3_fake_node) by extension 'ros'
[0.564s] DEBUG:colcon.colcon_core.package_identification:Package 'src/turtlebot3_simulations/turtlebot3_fake_node' with type 'ros.ament_cmake' and name 'turtlebot3_fake_node'
[0.564s] Level 1:colcon.colcon_core.package_identification:_identify(src/turtlebot3_simulations/turtlebot3_gazebo) by extensions ['ignore', 'ignore_ament_install']
[0.565s] Level 1:colcon.colcon_core.package_identification:_identify(src/turtlebot3_simulations/turtlebot3_gazebo) by extension 'ignore'
[0.565s] Level 1:colcon.colcon_core.package_identification:_identify(src/turtlebot3_simulations/turtlebot3_gazebo) by extension 'ignore_ament_install'
[0.565s] Level 1:colcon.colcon_core.package_identification:_identify(src/turtlebot3_simulations/turtlebot3_gazebo) by extensions ['colcon_pkg']
[0.565s] Level 1:colcon.colcon_core.package_identification:_identify(src/turtlebot3_simulations/turtlebot3_gazebo) by extension 'colcon_pkg'
[0.565s] Level 1:colcon.colcon_core.package_identification:_identify(src/turtlebot3_simulations/turtlebot3_gazebo) by extensions ['colcon_meta']
[0.566s] Level 1:colcon.colcon_core.package_identification:_identify(src/turtlebot3_simulations/turtlebot3_gazebo) by extension 'colcon_meta'
[0.566s] Level 1:colcon.colcon_core.package_identification:_identify(src/turtlebot3_simulations/turtlebot3_gazebo) by extensions ['ros']
[0.566s] Level 1:colcon.colcon_core.package_identification:_identify(src/turtlebot3_simulations/turtlebot3_gazebo) by extension 'ros'
[0.570s] DEBUG:colcon.colcon_core.package_identification:Package 'src/turtlebot3_simulations/turtlebot3_gazebo' with type 'ros.ament_cmake' and name 'turtlebot3_gazebo'
[0.570s] Level 1:colcon.colcon_core.package_identification:_identify(src/turtlebot3_simulations/turtlebot3_simulations) by extensions ['ignore', 'ignore_ament_install']
[0.570s] Level 1:colcon.colcon_core.package_identification:_identify(src/turtlebot3_simulations/turtlebot3_simulations) by extension 'ignore'
[0.571s] Level 1:colcon.colcon_core.package_identification:_identify(src/turtlebot3_simulations/turtlebot3_simulations) by extension 'ignore_ament_install'
[0.571s] Level 1:colcon.colcon_core.package_identification:_identify(src/turtlebot3_simulations/turtlebot3_simulations) by extensions ['colcon_pkg']
[0.571s] Level 1:colcon.colcon_core.package_identification:_identify(src/turtlebot3_simulations/turtlebot3_simulations) by extension 'colcon_pkg'
[0.571s] Level 1:colcon.colcon_core.package_identification:_identify(src/turtlebot3_simulations/turtlebot3_simulations) by extensions ['colcon_meta']
[0.571s] Level 1:colcon.colcon_core.package_identification:_identify(src/turtlebot3_simulations/turtlebot3_simulations) by extension 'colcon_meta'
[0.572s] Level 1:colcon.colcon_core.package_identification:_identify(src/turtlebot3_simulations/turtlebot3_simulations) by extensions ['ros']
[0.572s] Level 1:colcon.colcon_core.package_identification:_identify(src/turtlebot3_simulations/turtlebot3_simulations) by extension 'ros'
[0.573s] DEBUG:colcon.colcon_core.package_identification:Package 'src/turtlebot3_simulations/turtlebot3_simulations' with type 'ros.ament_cmake' and name 'turtlebot3_simulations'
[0.573s] Level 1:colcon.colcon_core.package_identification:_identify(venv) by extensions ['ignore', 'ignore_ament_install']
[0.573s] Level 1:colcon.colcon_core.package_identification:_identify(venv) by extension 'ignore'
[0.573s] Level 1:colcon.colcon_core.package_identification:_identify(venv) ignored
[0.573s] Level 1:colcon.colcon_core.package_discovery:discover_packages(recursive) using defaults
[0.573s] Level 1:colcon.colcon_core.package_discovery:discover_packages(ignore) discover
[0.573s] Level 1:colcon.colcon_core.package_discovery:discover_packages(ignore) using defaults
[0.573s] Level 1:colcon.colcon_core.package_discovery:discover_packages(path) discover
[0.573s] Level 1:colcon.colcon_core.package_discovery:discover_packages(path) using defaults
[0.615s] Level 1:colcon.colcon_core.package_discovery:discover_packages(prefix_path) check parameters
[0.615s] Level 1:colcon.colcon_core.package_discovery:discover_packages(prefix_path) discover
[0.618s] DEBUG:colcon.colcon_installed_package_information.package_discovery:Found 4 installed packages in /home/vboxuser/turtlebot3_ws/install
[0.620s] DEBUG:colcon.colcon_installed_package_information.package_discovery:Found 395 installed packages in /opt/ros/humble
[0.623s] Level 1:colcon.colcon_core.package_discovery:discover_packages(prefix_path) using defaults
[0.697s] Level 5:colcon.colcon_core.verb:set package 'gesture_detection' build argument 'cmake_args' from command line to 'None'
[0.697s] Level 5:colcon.colcon_core.verb:set package 'gesture_detection' build argument 'cmake_target' from command line to 'None'
[0.697s] Level 5:colcon.colcon_core.verb:set package 'gesture_detection' build argument 'cmake_target_skip_unavailable' from command line to 'False'
[0.697s] Level 5:colcon.colcon_core.verb:set package 'gesture_detection' build argument 'cmake_clean_cache' from command line to 'False'
[0.697s] Level 5:colcon.colcon_core.verb:set package 'gesture_detection' build argument 'cmake_clean_first' from command line to 'False'
[0.697s] Level 5:colcon.colcon_core.verb:set package 'gesture_detection' build argument 'cmake_force_configure' from command line to 'False'
[0.697s] Level 5:colcon.colcon_core.verb:set package 'gesture_detection' build argument 'ament_cmake_args' from command line to 'None'
[0.697s] Level 5:colcon.colcon_core.verb:set package 'gesture_detection' build argument 'catkin_cmake_args' from command line to 'None'
[0.697s] Level 5:colcon.colcon_core.verb:set package 'gesture_detection' build argument 'catkin_skip_building_tests' from command line to 'False'
[0.697s] DEBUG:colcon.colcon_core.verb:Building package 'gesture_detection' with the following arguments: {'ament_cmake_args': None, 'build_base': '/home/vboxuser/turtlebot3_ws/build/gesture_detection', 'catkin_cmake_args': None, 'catkin_skip_building_tests': False, 'cmake_args': None, 'cmake_clean_cache': False, 'cmake_clean_first': False, 'cmake_force_configure': False, 'cmake_target': None, 'cmake_target_skip_unavailable': False, 'install_base': '/home/vboxuser/turtlebot3_ws/install/gesture_detection', 'merge_install': False, 'path': '/home/vboxuser/turtlebot3_ws/src/gesture_detection', 'symlink_install': False, 'test_result_base': None}
[0.698s] Level 5:colcon.colcon_core.verb:set package 'turtlebot3_fake_node' build argument 'cmake_args' from command line to 'None'
[0.698s] Level 5:colcon.colcon_core.verb:set package 'turtlebot3_fake_node' build argument 'cmake_target' from command line to 'None'
[0.698s] Level 5:colcon.colcon_core.verb:set package 'turtlebot3_fake_node' build argument 'cmake_target_skip_unavailable' from command line to 'False'
[0.698s] Level 5:colcon.colcon_core.verb:set package 'turtlebot3_fake_node' build argument 'cmake_clean_cache' from command line to 'False'
[0.698s] Level 5:colcon.colcon_core.verb:set package 'turtlebot3_fake_node' build argument 'cmake_clean_first' from command line to 'False'
[0.698s] Level 5:colcon.colcon_core.verb:set package 'turtlebot3_fake_node' build argument 'cmake_force_configure' from command line to 'False'
[0.698s] Level 5:colcon.colcon_core.verb:set package 'turtlebot3_fake_node' build argument 'ament_cmake_args' from command line to 'None'
[0.698s] Level 5:colcon.colcon_core.verb:set package 'turtlebot3_fake_node' build argument 'catkin_cmake_args' from command line to 'None'
[0.698s] Level 5:colcon.colcon_core.verb:set package 'turtlebot3_fake_node' build argument 'catkin_skip_building_tests' from command line to 'False'
[0.698s] DEBUG:colcon.colcon_core.verb:Building package 'turtlebot3_fake_node' with the following arguments: {'ament_cmake_args': None, 'build_base': '/home/vboxuser/turtlebot3_ws/build/turtlebot3_fake_node', 'catkin_cmake_args': None, 'catkin_skip_building_tests': False, 'cmake_args': None, 'cmake_clean_cache': False, 'cmake_clean_first': False, 'cmake_force_configure': False, 'cmake_target': None, 'cmake_target_skip_unavailable': False, 'install_base': '/home/vboxuser/turtlebot3_ws/install/turtlebot3_fake_node', 'merge_install': False, 'path': '/home/vboxuser/turtlebot3_ws/src/turtlebot3_simulations/turtlebot3_fake_node', 'symlink_install': False, 'test_result_base': None}
[0.699s] Level 5:colcon.colcon_core.verb:set package 'turtlebot3_gazebo' build argument 'cmake_args' from command line to 'None'
[0.699s] Level 5:colcon.colcon_core.verb:set package 'turtlebot3_gazebo' build argument 'cmake_target' from command line to 'None'
[0.699s] Level 5:colcon.colcon_core.verb:set package 'turtlebot3_gazebo' build argument 'cmake_target_skip_unavailable' from command line to 'False'
[0.699s] Level 5:colcon.colcon_core.verb:set package 'turtlebot3_gazebo' build argument 'cmake_clean_cache' from command line to 'False'
[0.699s] Level 5:colcon.colcon_core.verb:set package 'turtlebot3_gazebo' build argument 'cmake_clean_first' from command line to 'False'
[0.699s] Level 5:colcon.colcon_core.verb:set package 'turtlebot3_gazebo' build argument 'cmake_force_configure' from command line to 'False'
[0.699s] Level 5:colcon.colcon_core.verb:set package 'turtlebot3_gazebo' build argument 'ament_cmake_args' from command line to 'None'
[0.699s] Level 5:colcon.colcon_core.verb:set package 'turtlebot3_gazebo' build argument 'catkin_cmake_args' from command line to 'None'
[0.699s] Level 5:colcon.colcon_core.verb:set package 'turtlebot3_gazebo' build argument 'catkin_skip_building_tests' from command line to 'False'
[0.699s] DEBUG:colcon.colcon_core.verb:Building package 'turtlebot3_gazebo' with the following arguments: {'ament_cmake_args': None, 'build_base': '/home/vboxuser/turtlebot3_ws/build/turtlebot3_gazebo', 'catkin_cmake_args': None, 'catkin_skip_building_tests': False, 'cmake_args': None, 'cmake_clean_cache': False, 'cmake_clean_first': False, 'cmake_force_configure': False, 'cmake_target': None, 'cmake_target_skip_unavailable': False, 'install_base': '/home/vboxuser/turtlebot3_ws/install/turtlebot3_gazebo', 'merge_install': False, 'path': '/home/vboxuser/turtlebot3_ws/src/turtlebot3_simulations/turtlebot3_gazebo', 'symlink_install': False, 'test_result_base': None}
[0.700s] Level 5:colcon.colcon_core.verb:set package 'turtlebot3_simulations' build argument 'cmake_args' from command line to 'None'
[0.700s] Level 5:colcon.colcon_core.verb:set package 'turtlebot3_simulations' build argument 'cmake_target' from command line to 'None'
[0.700s] Level 5:colcon.colcon_core.verb:set package 'turtlebot3_simulations' build argument 'cmake_target_skip_unavailable' from command line to 'False'
[0.700s] Level 5:colcon.colcon_core.verb:set package 'turtlebot3_simulations' build argument 'cmake_clean_cache' from command line to 'False'
[0.700s] Level 5:colcon.colcon_core.verb:set package 'turtlebot3_simulations' build argument 'cmake_clean_first' from command line to 'False'
[0.700s] Level 5:colcon.colcon_core.verb:set package 'turtlebot3_simulations' build argument 'cmake_force_configure' from command line to 'False'
[0.700s] Level 5:colcon.colcon_core.verb:set package 'turtlebot3_simulations' build argument 'ament_cmake_args' from command line to 'None'
[0.700s] Level 5:colcon.colcon_core.verb:set package 'turtlebot3_simulations' build argument 'catkin_cmake_args' from command line to 'None'
[0.700s] Level 5:colcon.colcon_core.verb:set package 'turtlebot3_simulations' build argument 'catkin_skip_building_tests' from command line to 'False'
[0.700s] DEBUG:colcon.colcon_core.verb:Building package 'turtlebot3_simulations' with the following arguments: {'ament_cmake_args': None, 'build_base': '/home/vboxuser/turtlebot3_ws/build/turtlebot3_simulations', 'catkin_cmake_args': None, 'catkin_skip_building_tests': False, 'cmake_args': None, 'cmake_clean_cache': False, 'cmake_clean_first': False, 'cmake_force_configure': False, 'cmake_target': None, 'cmake_target_skip_unavailable': False, 'install_base': '/home/vboxuser/turtlebot3_ws/install/turtlebot3_simulations', 'merge_install': False, 'path': '/home/vboxuser/turtlebot3_ws/src/turtlebot3_simulations/turtlebot3_simulations', 'symlink_install': False, 'test_result_base': None}
[0.700s] INFO:colcon.colcon_core.executor:Executing jobs using 'parallel' executor
[0.702s] DEBUG:colcon.colcon_parallel_executor.executor.parallel:run_until_complete
[0.703s] INFO:colcon.colcon_ros.task.ament_cmake.build:Building ROS package in '/home/vboxuser/turtlebot3_ws/src/turtlebot3_simulations/turtlebot3_fake_node' with build type 'ament_cmake'
[0.703s] INFO:colcon.colcon_cmake.task.cmake.build:Building CMake package in '/home/vboxuser/turtlebot3_ws/src/turtlebot3_simulations/turtlebot3_fake_node'
[0.707s] INFO:colcon.colcon_core.plugin_system:Skipping extension 'colcon_core.shell.bat': Not used on non-Windows systems
[0.707s] INFO:colcon.colcon_core.shell:Skip shell extension 'powershell' for command environment: Not usable outside of PowerShell
[0.707s] DEBUG:colcon.colcon_core.shell:Skip shell extension 'dsv' for command environment
[0.713s] INFO:colcon.colcon_ros.task.ament_cmake.build:Building ROS package in '/home/vboxuser/turtlebot3_ws/src/turtlebot3_simulations/turtlebot3_gazebo' with build type 'ament_cmake'
[0.713s] INFO:colcon.colcon_cmake.task.cmake.build:Building CMake package in '/home/vboxuser/turtlebot3_ws/src/turtlebot3_simulations/turtlebot3_gazebo'
[0.713s] INFO:colcon.colcon_core.shell:Skip shell extension 'powershell' for command environment: Not usable outside of PowerShell
[0.713s] DEBUG:colcon.colcon_core.shell:Skip shell extension 'dsv' for command environment
[0.725s] INFO:colcon.colcon_ros.task.ament_python.build:Building ROS package in '/home/vboxuser/turtlebot3_ws/src/gesture_detection' with build type 'ament_python'
[0.727s] Level 1:colcon.colcon_core.shell:create_environment_hook('gesture_detection', 'ament_prefix_path')
[0.728s] INFO:colcon.colcon_core.shell:Creating environment hook '/home/vboxuser/turtlebot3_ws/install/gesture_detection/share/gesture_detection/hook/ament_prefix_path.ps1'
[0.732s] INFO:colcon.colcon_core.shell:Creating environment descriptor '/home/vboxuser/turtlebot3_ws/install/gesture_detection/share/gesture_detection/hook/ament_prefix_path.dsv'
[0.734s] INFO:colcon.colcon_core.shell:Creating environment hook '/home/vboxuser/turtlebot3_ws/install/gesture_detection/share/gesture_detection/hook/ament_prefix_path.sh'
[0.736s] INFO:colcon.colcon_core.shell:Skip shell extension 'powershell' for command environment: Not usable outside of PowerShell
[0.736s] DEBUG:colcon.colcon_core.shell:Skip shell extension 'dsv' for command environment
[0.756s] DEBUG:colcon.colcon_core.event_handler.log_command:Invoking command in '/home/vboxuser/turtlebot3_ws/build/turtlebot3_fake_node': CMAKE_PREFIX_PATH=${CMAKE_PREFIX_PATH}:/home/vboxuser/turtlebot3_ws/install/gesture_detection:/opt/ros/humble PS1=(venv) \[\e]0;\u@\h: \w\a\]${debian_chroot:+($debian_chroot)}\[\033[01;32m\]\u@\h\[\033[00m\]:\[\033[01;34m\]\w\[\033[00m\]\$ /usr/bin/cmake --build /home/vboxuser/turtlebot3_ws/build/turtlebot3_fake_node -- -j6 -l6
[0.763s] DEBUG:colcon.colcon_core.event_handler.log_command:Invoking command in '/home/vboxuser/turtlebot3_ws/build/turtlebot3_gazebo': CMAKE_PREFIX_PATH=${CMAKE_PREFIX_PATH}:/home/vboxuser/turtlebot3_ws/install/gesture_detection:/opt/ros/humble PS1=(venv) \[\e]0;\u@\h: \w\a\]${debian_chroot:+($debian_chroot)}\[\033[01;32m\]\u@\h\[\033[00m\]:\[\033[01;34m\]\w\[\033[00m\]\$ /usr/bin/cmake --build /home/vboxuser/turtlebot3_ws/build/turtlebot3_gazebo -- -j6 -l6
[1.169s] INFO:colcon.colcon_core.task.python.build:Building Python package in '/home/vboxuser/turtlebot3_ws/src/gesture_detection'
[1.170s] INFO:colcon.colcon_core.shell:Skip shell extension 'powershell' for command environment: Not usable outside of PowerShell
[1.170s] DEBUG:colcon.colcon_core.shell:Skip shell extension 'dsv' for command environment
[1.185s] DEBUG:colcon.colcon_core.event_handler.log_command:Invoked command in '/home/vboxuser/turtlebot3_ws/build/turtlebot3_fake_node' returned '0': CMAKE_PREFIX_PATH=${CMAKE_PREFIX_PATH}:/home/vboxuser/turtlebot3_ws/install/gesture_detection:/opt/ros/humble PS1=(venv) \[\e]0;\u@\h: \w\a\]${debian_chroot:+($debian_chroot)}\[\033[01;32m\]\u@\h\[\033[00m\]:\[\033[01;34m\]\w\[\033[00m\]\$ /usr/bin/cmake --build /home/vboxuser/turtlebot3_ws/build/turtlebot3_fake_node -- -j6 -l6
[1.198s] DEBUG:colcon.colcon_core.event_handler.log_command:Invoking command in '/home/vboxuser/turtlebot3_ws/build/turtlebot3_fake_node': CMAKE_PREFIX_PATH=${CMAKE_PREFIX_PATH}:/home/vboxuser/turtlebot3_ws/install/gesture_detection:/opt/ros/humble PS1=(venv) \[\e]0;\u@\h: \w\a\]${debian_chroot:+($debian_chroot)}\[\033[01;32m\]\u@\h\[\033[00m\]:\[\033[01;34m\]\w\[\033[00m\]\$ /usr/bin/cmake --install /home/vboxuser/turtlebot3_ws/build/turtlebot3_fake_node
[1.201s] DEBUG:colcon.colcon_core.event_handler.log_command:Invoked command in '/home/vboxuser/turtlebot3_ws/build/turtlebot3_gazebo' returned '0': CMAKE_PREFIX_PATH=${CMAKE_PREFIX_PATH}:/home/vboxuser/turtlebot3_ws/install/gesture_detection:/opt/ros/humble PS1=(venv) \[\e]0;\u@\h: \w\a\]${debian_chroot:+($debian_chroot)}\[\033[01;32m\]\u@\h\[\033[00m\]:\[\033[01;34m\]\w\[\033[00m\]\$ /usr/bin/cmake --build /home/vboxuser/turtlebot3_ws/build/turtlebot3_gazebo -- -j6 -l6
[1.201s] DEBUG:colcon.colcon_core.event_handler.log_command:Invoking command in '/home/vboxuser/turtlebot3_ws/build/turtlebot3_gazebo': CMAKE_PREFIX_PATH=${CMAKE_PREFIX_PATH}:/home/vboxuser/turtlebot3_ws/install/gesture_detection:/opt/ros/humble PS1=(venv) \[\e]0;\u@\h: \w\a\]${debian_chroot:+($debian_chroot)}\[\033[01;32m\]\u@\h\[\033[00m\]:\[\033[01;34m\]\w\[\033[00m\]\$ /usr/bin/cmake --install /home/vboxuser/turtlebot3_ws/build/turtlebot3_gazebo
[1.231s] Level 1:colcon.colcon_core.environment:create_environment_scripts_only(turtlebot3_fake_node)
[1.245s] DEBUG:colcon.colcon_core.event_handler.log_command:Invoked command in '/home/vboxuser/turtlebot3_ws/build/turtlebot3_fake_node' returned '0': CMAKE_PREFIX_PATH=${CMAKE_PREFIX_PATH}:/home/vboxuser/turtlebot3_ws/install/gesture_detection:/opt/ros/humble PS1=(venv) \[\e]0;\u@\h: \w\a\]${debian_chroot:+($debian_chroot)}\[\033[01;32m\]\u@\h\[\033[00m\]:\[\033[01;34m\]\w\[\033[00m\]\$ /usr/bin/cmake --install /home/vboxuser/turtlebot3_ws/build/turtlebot3_fake_node
[1.247s] Level 1:colcon.colcon_core.environment:checking '/home/vboxuser/turtlebot3_ws/install/turtlebot3_fake_node' for CMake module files
[1.248s] Level 1:colcon.colcon_core.environment:checking '/home/vboxuser/turtlebot3_ws/install/turtlebot3_fake_node' for CMake config files
[1.248s] Level 1:colcon.colcon_core.shell:create_environment_hook('turtlebot3_fake_node', 'cmake_prefix_path')
[1.249s] INFO:colcon.colcon_core.shell:Creating environment hook '/home/vboxuser/turtlebot3_ws/install/turtlebot3_fake_node/share/turtlebot3_fake_node/hook/cmake_prefix_path.ps1'
[1.249s] INFO:colcon.colcon_core.shell:Creating environment descriptor '/home/vboxuser/turtlebot3_ws/install/turtlebot3_fake_node/share/turtlebot3_fake_node/hook/cmake_prefix_path.dsv'
[1.251s] INFO:colcon.colcon_core.shell:Creating environment hook '/home/vboxuser/turtlebot3_ws/install/turtlebot3_fake_node/share/turtlebot3_fake_node/hook/cmake_prefix_path.sh'
[1.252s] Level 1:colcon.colcon_core.environment:checking '/home/vboxuser/turtlebot3_ws/install/turtlebot3_fake_node/lib'
[1.253s] Level 1:colcon.colcon_core.environment:checking '/home/vboxuser/turtlebot3_ws/install/turtlebot3_fake_node/bin'
[1.253s] Level 1:colcon.colcon_core.environment:checking '/home/vboxuser/turtlebot3_ws/install/turtlebot3_fake_node/lib/pkgconfig/turtlebot3_fake_node.pc'
[1.253s] Level 1:colcon.colcon_core.environment:checking '/home/vboxuser/turtlebot3_ws/install/turtlebot3_fake_node/lib/python3.10/site-packages'
[1.253s] Level 1:colcon.colcon_core.environment:checking '/home/vboxuser/turtlebot3_ws/install/turtlebot3_fake_node/bin'
[1.254s] INFO:colcon.colcon_core.shell:Creating package script '/home/vboxuser/turtlebot3_ws/install/turtlebot3_fake_node/share/turtlebot3_fake_node/package.ps1'
[1.255s] INFO:colcon.colcon_core.shell:Creating package descriptor '/home/vboxuser/turtlebot3_ws/install/turtlebot3_fake_node/share/turtlebot3_fake_node/package.dsv'
[1.255s] INFO:colcon.colcon_core.shell:Creating package script '/home/vboxuser/turtlebot3_ws/install/turtlebot3_fake_node/share/turtlebot3_fake_node/package.sh'
[1.256s] INFO:colcon.colcon_core.shell:Creating package script '/home/vboxuser/turtlebot3_ws/install/turtlebot3_fake_node/share/turtlebot3_fake_node/package.bash'
[1.257s] INFO:colcon.colcon_core.shell:Creating package script '/home/vboxuser/turtlebot3_ws/install/turtlebot3_fake_node/share/turtlebot3_fake_node/package.zsh'
[1.258s] Level 1:colcon.colcon_core.environment:create_file_with_runtime_dependencies(/home/vboxuser/turtlebot3_ws/install/turtlebot3_fake_node/share/colcon-core/packages/turtlebot3_fake_node)
[1.259s] Level 1:colcon.colcon_core.environment:create_environment_scripts_only(turtlebot3_fake_node)
[1.259s] Level 1:colcon.colcon_core.environment:checking '/home/vboxuser/turtlebot3_ws/install/turtlebot3_fake_node' for CMake module files
[1.260s] Level 1:colcon.colcon_core.environment:checking '/home/vboxuser/turtlebot3_ws/install/turtlebot3_fake_node' for CMake config files
[1.260s] Level 1:colcon.colcon_core.shell:create_environment_hook('turtlebot3_fake_node', 'cmake_prefix_path')
[1.261s] INFO:colcon.colcon_core.shell:Creating environment hook '/home/vboxuser/turtlebot3_ws/install/turtlebot3_fake_node/share/turtlebot3_fake_node/hook/cmake_prefix_path.ps1'
[1.261s] INFO:colcon.colcon_core.shell:Creating environment descriptor '/home/vboxuser/turtlebot3_ws/install/turtlebot3_fake_node/share/turtlebot3_fake_node/hook/cmake_prefix_path.dsv'
[1.262s] INFO:colcon.colcon_core.shell:Creating environment hook '/home/vboxuser/turtlebot3_ws/install/turtlebot3_fake_node/share/turtlebot3_fake_node/hook/cmake_prefix_path.sh'
[1.263s] Level 1:colcon.colcon_core.environment:checking '/home/vboxuser/turtlebot3_ws/install/turtlebot3_fake_node/lib'
[1.263s] Level 1:colcon.colcon_core.environment:checking '/home/vboxuser/turtlebot3_ws/install/turtlebot3_fake_node/bin'
[1.263s] Level 1:colcon.colcon_core.environment:checking '/home/vboxuser/turtlebot3_ws/install/turtlebot3_fake_node/lib/pkgconfig/turtlebot3_fake_node.pc'
[1.263s] Level 1:colcon.colcon_core.environment:checking '/home/vboxuser/turtlebot3_ws/install/turtlebot3_fake_node/lib/python3.10/site-packages'
[1.263s] Level 1:colcon.colcon_core.environment:checking '/home/vboxuser/turtlebot3_ws/install/turtlebot3_fake_node/bin'
[1.264s] INFO:colcon.colcon_core.shell:Creating package script '/home/vboxuser/turtlebot3_ws/install/turtlebot3_fake_node/share/turtlebot3_fake_node/package.ps1'
[1.264s] INFO:colcon.colcon_core.shell:Creating package descriptor '/home/vboxuser/turtlebot3_ws/install/turtlebot3_fake_node/share/turtlebot3_fake_node/package.dsv'
[1.265s] INFO:colcon.colcon_core.shell:Creating package script '/home/vboxuser/turtlebot3_ws/install/turtlebot3_fake_node/share/turtlebot3_fake_node/package.sh'
[1.266s] INFO:colcon.colcon_core.shell:Creating package script '/home/vboxuser/turtlebot3_ws/install/turtlebot3_fake_node/share/turtlebot3_fake_node/package.bash'
[1.267s] INFO:colcon.colcon_core.shell:Creating package script '/home/vboxuser/turtlebot3_ws/install/turtlebot3_fake_node/share/turtlebot3_fake_node/package.zsh'
[1.267s] Level 1:colcon.colcon_core.environment:create_file_with_runtime_dependencies(/home/vboxuser/turtlebot3_ws/install/turtlebot3_fake_node/share/colcon-core/packages/turtlebot3_fake_node)
[1.269s] Level 1:colcon.colcon_core.environment:create_environment_scripts_only(turtlebot3_gazebo)
[1.269s] Level 1:colcon.colcon_core.environment:checking '/home/vboxuser/turtlebot3_ws/install/turtlebot3_gazebo' for CMake module files
[1.270s] DEBUG:colcon.colcon_core.event_handler.log_command:Invoked command in '/home/vboxuser/turtlebot3_ws/build/turtlebot3_gazebo' returned '0': CMAKE_PREFIX_PATH=${CMAKE_PREFIX_PATH}:/home/vboxuser/turtlebot3_ws/install/gesture_detection:/opt/ros/humble PS1=(venv) \[\e]0;\u@\h: \w\a\]${debian_chroot:+($debian_chroot)}\[\033[01;32m\]\u@\h\[\033[00m\]:\[\033[01;34m\]\w\[\033[00m\]\$ /usr/bin/cmake --install /home/vboxuser/turtlebot3_ws/build/turtlebot3_gazebo
[1.270s] Level 1:colcon.colcon_core.environment:checking '/home/vboxuser/turtlebot3_ws/install/turtlebot3_gazebo' for CMake config files
[1.270s] Level 1:colcon.colcon_core.shell:create_environment_hook('turtlebot3_gazebo', 'cmake_prefix_path')
[1.271s] INFO:colcon.colcon_core.shell:Creating environment hook '/home/vboxuser/turtlebot3_ws/install/turtlebot3_gazebo/share/turtlebot3_gazebo/hook/cmake_prefix_path.ps1'
[1.271s] INFO:colcon.colcon_core.shell:Creating environment descriptor '/home/vboxuser/turtlebot3_ws/install/turtlebot3_gazebo/share/turtlebot3_gazebo/hook/cmake_prefix_path.dsv'
[1.272s] INFO:colcon.colcon_core.shell:Creating environment hook '/home/vboxuser/turtlebot3_ws/install/turtlebot3_gazebo/share/turtlebot3_gazebo/hook/cmake_prefix_path.sh'
[1.273s] Level 1:colcon.colcon_core.environment:checking '/home/vboxuser/turtlebot3_ws/install/turtlebot3_gazebo/lib'
[1.273s] Level 1:colcon.colcon_core.environment:checking '/home/vboxuser/turtlebot3_ws/install/turtlebot3_gazebo/bin'
[1.273s] Level 1:colcon.colcon_core.environment:checking '/home/vboxuser/turtlebot3_ws/install/turtlebot3_gazebo/lib/pkgconfig/turtlebot3_gazebo.pc'
[1.273s] Level 1:colcon.colcon_core.environment:checking '/home/vboxuser/turtlebot3_ws/install/turtlebot3_gazebo/lib/python3.10/site-packages'
[1.273s] Level 1:colcon.colcon_core.environment:checking '/home/vboxuser/turtlebot3_ws/install/turtlebot3_gazebo/bin'
[1.274s] INFO:colcon.colcon_core.shell:Creating package script '/home/vboxuser/turtlebot3_ws/install/turtlebot3_gazebo/share/turtlebot3_gazebo/package.ps1'
[1.274s] INFO:colcon.colcon_core.shell:Creating package descriptor '/home/vboxuser/turtlebot3_ws/install/turtlebot3_gazebo/share/turtlebot3_gazebo/package.dsv'
[1.275s] INFO:colcon.colcon_core.shell:Creating package script '/home/vboxuser/turtlebot3_ws/install/turtlebot3_gazebo/share/turtlebot3_gazebo/package.sh'
[1.276s] INFO:colcon.colcon_core.shell:Creating package script '/home/vboxuser/turtlebot3_ws/install/turtlebot3_gazebo/share/turtlebot3_gazebo/package.bash'
[1.276s] INFO:colcon.colcon_core.shell:Creating package script '/home/vboxuser/turtlebot3_ws/install/turtlebot3_gazebo/share/turtlebot3_gazebo/package.zsh'
[1.277s] Level 1:colcon.colcon_core.environment:create_file_with_runtime_dependencies(/home/vboxuser/turtlebot3_ws/install/turtlebot3_gazebo/share/colcon-core/packages/turtlebot3_gazebo)
[1.278s] Level 1:colcon.colcon_core.environment:create_environment_scripts_only(turtlebot3_gazebo)
[1.278s] Level 1:colcon.colcon_core.environment:checking '/home/vboxuser/turtlebot3_ws/install/turtlebot3_gazebo' for CMake module files
[1.278s] Level 1:colcon.colcon_core.environment:checking '/home/vboxuser/turtlebot3_ws/install/turtlebot3_gazebo' for CMake config files
[1.279s] Level 1:colcon.colcon_core.shell:create_environment_hook('turtlebot3_gazebo', 'cmake_prefix_path')
[1.279s] INFO:colcon.colcon_core.shell:Creating environment hook '/home/vboxuser/turtlebot3_ws/install/turtlebot3_gazebo/share/turtlebot3_gazebo/hook/cmake_prefix_path.ps1'
[1.280s] INFO:colcon.colcon_core.shell:Creating environment descriptor '/home/vboxuser/turtlebot3_ws/install/turtlebot3_gazebo/share/turtlebot3_gazebo/hook/cmake_prefix_path.dsv'
[1.280s] INFO:colcon.colcon_core.shell:Creating environment hook '/home/vboxuser/turtlebot3_ws/install/turtlebot3_gazebo/share/turtlebot3_gazebo/hook/cmake_prefix_path.sh'
[1.281s] Level 1:colcon.colcon_core.environment:checking '/home/vboxuser/turtlebot3_ws/install/turtlebot3_gazebo/lib'
[1.281s] Level 1:colcon.colcon_core.environment:checking '/home/vboxuser/turtlebot3_ws/install/turtlebot3_gazebo/bin'
[1.281s] Level 1:colcon.colcon_core.environment:checking '/home/vboxuser/turtlebot3_ws/install/turtlebot3_gazebo/lib/pkgconfig/turtlebot3_gazebo.pc'
[1.282s] Level 1:colcon.colcon_core.environment:checking '/home/vboxuser/turtlebot3_ws/install/turtlebot3_gazebo/lib/python3.10/site-packages'
[1.282s] Level 1:colcon.colcon_core.environment:checking '/home/vboxuser/turtlebot3_ws/install/turtlebot3_gazebo/bin'
[1.282s] INFO:colcon.colcon_core.shell:Creating package script '/home/vboxuser/turtlebot3_ws/install/turtlebot3_gazebo/share/turtlebot3_gazebo/package.ps1'
[1.283s] INFO:colcon.colcon_core.shell:Creating package descriptor '/home/vboxuser/turtlebot3_ws/install/turtlebot3_gazebo/share/turtlebot3_gazebo/package.dsv'
[1.284s] INFO:colcon.colcon_core.shell:Creating package script '/home/vboxuser/turtlebot3_ws/install/turtlebot3_gazebo/share/turtlebot3_gazebo/package.sh'
[1.284s] INFO:colcon.colcon_core.shell:Creating package script '/home/vboxuser/turtlebot3_ws/install/turtlebot3_gazebo/share/turtlebot3_gazebo/package.bash'
[1.285s] INFO:colcon.colcon_core.shell:Creating package script '/home/vboxuser/turtlebot3_ws/install/turtlebot3_gazebo/share/turtlebot3_gazebo/package.zsh'
[1.286s] Level 1:colcon.colcon_core.environment:create_file_with_runtime_dependencies(/home/vboxuser/turtlebot3_ws/install/turtlebot3_gazebo/share/colcon-core/packages/turtlebot3_gazebo)
[1.286s] INFO:colcon.colcon_ros.task.ament_cmake.build:Building ROS package in '/home/vboxuser/turtlebot3_ws/src/turtlebot3_simulations/turtlebot3_simulations' with build type 'ament_cmake'
[1.287s] INFO:colcon.colcon_cmake.task.cmake.build:Building CMake package in '/home/vboxuser/turtlebot3_ws/src/turtlebot3_simulations/turtlebot3_simulations'
[1.287s] INFO:colcon.colcon_core.shell:Skip shell extension 'powershell' for command environment: Not usable outside of PowerShell
[1.287s] DEBUG:colcon.colcon_core.shell:Skip shell extension 'dsv' for command environment
[1.305s] DEBUG:colcon.colcon_core.event_handler.log_command:Invoking command in '/home/vboxuser/turtlebot3_ws/build/turtlebot3_simulations': CMAKE_PREFIX_PATH=/home/vboxuser/turtlebot3_ws/install/turtlebot3_gazebo:/home/vboxuser/turtlebot3_ws/install/turtlebot3_fake_node:/home/vboxuser/turtlebot3_ws/install/turtlebot3_simulations:/home/vboxuser/turtlebot3_ws/install/gesture_detection:/opt/ros/humble PS1=(venv) \[\e]0;\u@\h: \w\a\]${debian_chroot:+($debian_chroot)}\[\033[01;32m\]\u@\h\[\033[00m\]:\[\033[01;34m\]\w\[\033[00m\]\$ /usr/bin/cmake --build /home/vboxuser/turtlebot3_ws/build/turtlebot3_simulations -- -j6 -l6
[1.353s] DEBUG:colcon.colcon_core.event_handler.log_command:Invoked command in '/home/vboxuser/turtlebot3_ws/build/turtlebot3_simulations' returned '0': CMAKE_PREFIX_PATH=/home/vboxuser/turtlebot3_ws/install/turtlebot3_gazebo:/home/vboxuser/turtlebot3_ws/install/turtlebot3_fake_node:/home/vboxuser/turtlebot3_ws/install/turtlebot3_simulations:/home/vboxuser/turtlebot3_ws/install/gesture_detection:/opt/ros/humble PS1=(venv) \[\e]0;\u@\h: \w\a\]${debian_chroot:+($debian_chroot)}\[\033[01;32m\]\u@\h\[\033[00m\]:\[\033[01;34m\]\w\[\033[00m\]\$ /usr/bin/cmake --build /home/vboxuser/turtlebot3_ws/build/turtlebot3_simulations -- -j6 -l6
[1.356s] DEBUG:colcon.colcon_core.event_handler.log_command:Invoking command in '/home/vboxuser/turtlebot3_ws/build/turtlebot3_simulations': CMAKE_PREFIX_PATH=/home/vboxuser/turtlebot3_ws/install/turtlebot3_gazebo:/home/vboxuser/turtlebot3_ws/install/turtlebot3_fake_node:/home/vboxuser/turtlebot3_ws/install/turtlebot3_simulations:/home/vboxuser/turtlebot3_ws/install/gesture_detection:/opt/ros/humble PS1=(venv) \[\e]0;\u@\h: \w\a\]${debian_chroot:+($debian_chroot)}\[\033[01;32m\]\u@\h\[\033[00m\]:\[\033[01;34m\]\w\[\033[00m\]\$ /usr/bin/cmake --install /home/vboxuser/turtlebot3_ws/build/turtlebot3_simulations
[1.383s] Level 1:colcon.colcon_core.environment:create_environment_scripts_only(turtlebot3_simulations)
[1.383s] Level 1:colcon.colcon_core.environment:checking '/home/vboxuser/turtlebot3_ws/install/turtlebot3_simulations' for CMake module files
[1.384s] DEBUG:colcon.colcon_core.event_handler.log_command:Invoked command in '/home/vboxuser/turtlebot3_ws/build/turtlebot3_simulations' returned '0': CMAKE_PREFIX_PATH=/home/vboxuser/turtlebot3_ws/install/turtlebot3_gazebo:/home/vboxuser/turtlebot3_ws/install/turtlebot3_fake_node:/home/vboxuser/turtlebot3_ws/install/turtlebot3_simulations:/home/vboxuser/turtlebot3_ws/install/gesture_detection:/opt/ros/humble PS1=(venv) \[\e]0;\u@\h: \w\a\]${debian_chroot:+($debian_chroot)}\[\033[01;32m\]\u@\h\[\033[00m\]:\[\033[01;34m\]\w\[\033[00m\]\$ /usr/bin/cmake --install /home/vboxuser/turtlebot3_ws/build/turtlebot3_simulations
[1.385s] Level 1:colcon.colcon_core.environment:checking '/home/vboxuser/turtlebot3_ws/install/turtlebot3_simulations' for CMake config files
[1.385s] Level 1:colcon.colcon_core.shell:create_environment_hook('turtlebot3_simulations', 'cmake_prefix_path')
[1.385s] INFO:colcon.colcon_core.shell:Creating environment hook '/home/vboxuser/turtlebot3_ws/install/turtlebot3_simulations/share/turtlebot3_simulations/hook/cmake_prefix_path.ps1'
[1.386s] INFO:colcon.colcon_core.shell:Creating environment descriptor '/home/vboxuser/turtlebot3_ws/install/turtlebot3_simulations/share/turtlebot3_simulations/hook/cmake_prefix_path.dsv'
[1.387s] INFO:colcon.colcon_core.shell:Creating environment hook '/home/vboxuser/turtlebot3_ws/install/turtlebot3_simulations/share/turtlebot3_simulations/hook/cmake_prefix_path.sh'
[1.388s] Level 1:colcon.colcon_core.environment:checking '/home/vboxuser/turtlebot3_ws/install/turtlebot3_simulations/bin'
[1.388s] Level 1:colcon.colcon_core.environment:checking '/home/vboxuser/turtlebot3_ws/install/turtlebot3_simulations/lib/pkgconfig/turtlebot3_simulations.pc'
[1.389s] Level 1:colcon.colcon_core.environment:checking '/home/vboxuser/turtlebot3_ws/install/turtlebot3_simulations/lib/python3.10/site-packages'
[1.389s] Level 1:colcon.colcon_core.environment:checking '/home/vboxuser/turtlebot3_ws/install/turtlebot3_simulations/bin'
[1.390s] INFO:colcon.colcon_core.shell:Creating package script '/home/vboxuser/turtlebot3_ws/install/turtlebot3_simulations/share/turtlebot3_simulations/package.ps1'
[1.391s] INFO:colcon.colcon_core.shell:Creating package descriptor '/home/vboxuser/turtlebot3_ws/install/turtlebot3_simulations/share/turtlebot3_simulations/package.dsv'
[1.391s] INFO:colcon.colcon_core.shell:Creating package script '/home/vboxuser/turtlebot3_ws/install/turtlebot3_simulations/share/turtlebot3_simulations/package.sh'
[1.392s] INFO:colcon.colcon_core.shell:Creating package script '/home/vboxuser/turtlebot3_ws/install/turtlebot3_simulations/share/turtlebot3_simulations/package.bash'
[1.392s] INFO:colcon.colcon_core.shell:Creating package script '/home/vboxuser/turtlebot3_ws/install/turtlebot3_simulations/share/turtlebot3_simulations/package.zsh'
[1.393s] Level 1:colcon.colcon_core.environment:create_file_with_runtime_dependencies(/home/vboxuser/turtlebot3_ws/install/turtlebot3_simulations/share/colcon-core/packages/turtlebot3_simulations)
[1.394s] Level 1:colcon.colcon_core.environment:create_environment_scripts_only(turtlebot3_simulations)
[1.394s] Level 1:colcon.colcon_core.environment:checking '/home/vboxuser/turtlebot3_ws/install/turtlebot3_simulations' for CMake module files
[1.394s] Level 1:colcon.colcon_core.environment:checking '/home/vboxuser/turtlebot3_ws/install/turtlebot3_simulations' for CMake config files
[1.394s] Level 1:colcon.colcon_core.shell:create_environment_hook('turtlebot3_simulations', 'cmake_prefix_path')
[1.395s] INFO:colcon.colcon_core.shell:Creating environment hook '/home/vboxuser/turtlebot3_ws/install/turtlebot3_simulations/share/turtlebot3_simulations/hook/cmake_prefix_path.ps1'
[1.395s] INFO:colcon.colcon_core.shell:Creating environment descriptor '/home/vboxuser/turtlebot3_ws/install/turtlebot3_simulations/share/turtlebot3_simulations/hook/cmake_prefix_path.dsv'
[1.396s] INFO:colcon.colcon_core.shell:Creating environment hook '/home/vboxuser/turtlebot3_ws/install/turtlebot3_simulations/share/turtlebot3_simulations/hook/cmake_prefix_path.sh'
[1.396s] Level 1:colcon.colcon_core.environment:checking '/home/vboxuser/turtlebot3_ws/install/turtlebot3_simulations/bin'
[1.397s] Level 1:colcon.colcon_core.environment:checking '/home/vboxuser/turtlebot3_ws/install/turtlebot3_simulations/lib/pkgconfig/turtlebot3_simulations.pc'
[1.397s] Level 1:colcon.colcon_core.environment:checking '/home/vboxuser/turtlebot3_ws/install/turtlebot3_simulations/lib/python3.10/site-packages'
[1.397s] Level 1:colcon.colcon_core.environment:checking '/home/vboxuser/turtlebot3_ws/install/turtlebot3_simulations/bin'
[1.397s] INFO:colcon.colcon_core.shell:Creating package script '/home/vboxuser/turtlebot3_ws/install/turtlebot3_simulations/share/turtlebot3_simulations/package.ps1'
[1.398s] INFO:colcon.colcon_core.shell:Creating package descriptor '/home/vboxuser/turtlebot3_ws/install/turtlebot3_simulations/share/turtlebot3_simulations/package.dsv'
[1.399s] INFO:colcon.colcon_core.shell:Creating package script '/home/vboxuser/turtlebot3_ws/install/turtlebot3_simulations/share/turtlebot3_simulations/package.sh'
[1.399s] INFO:colcon.colcon_core.shell:Creating package script '/home/vboxuser/turtlebot3_ws/install/turtlebot3_simulations/share/turtlebot3_simulations/package.bash'
[1.400s] INFO:colcon.colcon_core.shell:Creating package script '/home/vboxuser/turtlebot3_ws/install/turtlebot3_simulations/share/turtlebot3_simulations/package.zsh'
[1.400s] Level 1:colcon.colcon_core.environment:create_file_with_runtime_dependencies(/home/vboxuser/turtlebot3_ws/install/turtlebot3_simulations/share/colcon-core/packages/turtlebot3_simulations)
[1.872s] DEBUG:colcon.colcon_core.event_handler.log_command:Invoking command in '/home/vboxuser/turtlebot3_ws/src/gesture_detection': PS1=(venv) \[\e]0;\u@\h: \w\a\]${debian_chroot:+($debian_chroot)}\[\033[01;32m\]\u@\h\[\033[00m\]:\[\033[01;34m\]\w\[\033[00m\]\$ PYTHONPATH=/home/vboxuser/turtlebot3_ws/build/gesture_detection/prefix_override:/usr/lib/python3/dist-packages/colcon_core/task/python/colcon_distutils_commands:/home/vboxuser/turtlebot3_ws/install/gesture_detection/lib/python3.10/site-packages:${PYTHONPATH} /usr/bin/python3 -W ignore:setup.py install is deprecated -W ignore:easy_install command is deprecated setup.py egg_info --egg-base ../../build/gesture_detection build --build-base /home/vboxuser/turtlebot3_ws/build/gesture_detection/build install --record /home/vboxuser/turtlebot3_ws/build/gesture_detection/install.log --single-version-externally-managed install_data
[2.325s] Level 1:colcon.colcon_core.environment:checking '/home/vboxuser/turtlebot3_ws/install/gesture_detection' for CMake module files
[2.326s] DEBUG:colcon.colcon_core.event_handler.log_command:Invoked command in '/home/vboxuser/turtlebot3_ws/src/gesture_detection' returned '0': PS1=(venv) \[\e]0;\u@\h: \w\a\]${debian_chroot:+($debian_chroot)}\[\033[01;32m\]\u@\h\[\033[00m\]:\[\033[01;34m\]\w\[\033[00m\]\$ PYTHONPATH=/home/vboxuser/turtlebot3_ws/build/gesture_detection/prefix_override:/usr/lib/python3/dist-packages/colcon_core/task/python/colcon_distutils_commands:/home/vboxuser/turtlebot3_ws/install/gesture_detection/lib/python3.10/site-packages:${PYTHONPATH} /usr/bin/python3 -W ignore:setup.py install is deprecated -W ignore:easy_install command is deprecated setup.py egg_info --egg-base ../../build/gesture_detection build --build-base /home/vboxuser/turtlebot3_ws/build/gesture_detection/build install --record /home/vboxuser/turtlebot3_ws/build/gesture_detection/install.log --single-version-externally-managed install_data
[2.327s] Level 1:colcon.colcon_core.environment:checking '/home/vboxuser/turtlebot3_ws/install/gesture_detection' for CMake config files
[2.328s] Level 1:colcon.colcon_core.environment:checking '/home/vboxuser/turtlebot3_ws/install/gesture_detection/lib'
[2.328s] Level 1:colcon.colcon_core.environment:checking '/home/vboxuser/turtlebot3_ws/install/gesture_detection/bin'
[2.328s] Level 1:colcon.colcon_core.environment:checking '/home/vboxuser/turtlebot3_ws/install/gesture_detection/lib/pkgconfig/gesture_detection.pc'
[2.328s] Level 1:colcon.colcon_core.environment:checking '/home/vboxuser/turtlebot3_ws/install/gesture_detection/lib/python3.10/site-packages'
[2.328s] Level 1:colcon.colcon_core.shell:create_environment_hook('gesture_detection', 'pythonpath')
[2.329s] INFO:colcon.colcon_core.shell:Creating environment hook '/home/vboxuser/turtlebot3_ws/install/gesture_detection/share/gesture_detection/hook/pythonpath.ps1'
[2.330s] INFO:colcon.colcon_core.shell:Creating environment descriptor '/home/vboxuser/turtlebot3_ws/install/gesture_detection/share/gesture_detection/hook/pythonpath.dsv'
[2.330s] INFO:colcon.colcon_core.shell:Creating environment hook '/home/vboxuser/turtlebot3_ws/install/gesture_detection/share/gesture_detection/hook/pythonpath.sh'
[2.331s] Level 1:colcon.colcon_core.environment:checking '/home/vboxuser/turtlebot3_ws/install/gesture_detection/bin'
[2.331s] Level 1:colcon.colcon_core.environment:create_environment_scripts_only(gesture_detection)
[2.332s] INFO:colcon.colcon_core.shell:Creating package script '/home/vboxuser/turtlebot3_ws/install/gesture_detection/share/gesture_detection/package.ps1'
[2.332s] INFO:colcon.colcon_core.shell:Creating package descriptor '/home/vboxuser/turtlebot3_ws/install/gesture_detection/share/gesture_detection/package.dsv'
[2.333s] INFO:colcon.colcon_core.shell:Creating package script '/home/vboxuser/turtlebot3_ws/install/gesture_detection/share/gesture_detection/package.sh'
[2.334s] INFO:colcon.colcon_core.shell:Creating package script '/home/vboxuser/turtlebot3_ws/install/gesture_detection/share/gesture_detection/package.bash'
[2.335s] INFO:colcon.colcon_core.shell:Creating package script '/home/vboxuser/turtlebot3_ws/install/gesture_detection/share/gesture_detection/package.zsh'
[2.336s] Level 1:colcon.colcon_core.environment:create_file_with_runtime_dependencies(/home/vboxuser/turtlebot3_ws/install/gesture_detection/share/colcon-core/packages/gesture_detection)
[2.336s] DEBUG:colcon.colcon_parallel_executor.executor.parallel:closing loop
[2.336s] DEBUG:colcon.colcon_parallel_executor.executor.parallel:loop closed
[2.337s] DEBUG:colcon.colcon_parallel_executor.executor.parallel:run_until_complete finished with '0'
[2.337s] DEBUG:colcon.colcon_core.event_reactor:joining thread
[2.354s] INFO:colcon.colcon_core.plugin_system:Skipping extension 'colcon_notification.desktop_notification.terminal_notifier': Not used on non-Darwin systems
[2.354s] INFO:colcon.colcon_core.plugin_system:Skipping extension 'colcon_notification.desktop_notification.win32': Not used on non-Windows systems
[2.354s] INFO:colcon.colcon_notification.desktop_notification:Sending desktop notification using 'notify2'
[2.375s] DEBUG:colcon.colcon_core.event_reactor:joined thread
[2.375s] INFO:colcon.colcon_core.shell:Creating prefix script '/home/vboxuser/turtlebot3_ws/install/local_setup.ps1'
[2.376s] INFO:colcon.colcon_core.shell:Creating prefix util module '/home/vboxuser/turtlebot3_ws/install/_local_setup_util_ps1.py'
[2.378s] INFO:colcon.colcon_core.shell:Creating prefix chain script '/home/vboxuser/turtlebot3_ws/install/setup.ps1'
[2.380s] INFO:colcon.colcon_core.shell:Creating prefix script '/home/vboxuser/turtlebot3_ws/install/local_setup.sh'
[2.381s] INFO:colcon.colcon_core.shell:Creating prefix util module '/home/vboxuser/turtlebot3_ws/install/_local_setup_util_sh.py'
[2.382s] INFO:colcon.colcon_core.shell:Creating prefix chain script '/home/vboxuser/turtlebot3_ws/install/setup.sh'
[2.384s] INFO:colcon.colcon_core.shell:Creating prefix script '/home/vboxuser/turtlebot3_ws/install/local_setup.bash'
[2.385s] INFO:colcon.colcon_core.shell:Creating prefix chain script '/home/vboxuser/turtlebot3_ws/install/setup.bash'
[2.386s] INFO:colcon.colcon_core.shell:Creating prefix script '/home/vboxuser/turtlebot3_ws/install/local_setup.zsh'
[2.387s] INFO:colcon.colcon_core.shell:Creating prefix chain script '/home/vboxuser/turtlebot3_ws/install/setup.zsh'
