[1.001s] Invoking command in '/home/vboxuser/turtlebot3_ws/src/detection_node': PYTHONPATH=/home/vboxuser/turtlebot3_ws/build/detection_node/prefix_override:/usr/lib/python3/dist-packages/colcon_core/task/python/colcon_distutils_commands:/home/vboxuser/turtlebot3_ws/install/detection_node/lib/python3.10/site-packages:${PYTHONPATH} /usr/bin/python3 -W ignore:setup.py install is deprecated -W ignore:easy_install command is deprecated setup.py egg_info --egg-base ../../build/detection_node build --build-base /home/vboxuser/turtlebot3_ws/build/detection_node/build install --record /home/vboxuser/turtlebot3_ws/build/detection_node/install.log --single-version-externally-managed install_data
[1.357s] running egg_info
[1.358s] writing ../../build/detection_node/detection_node.egg-info/PKG-INFO
[1.359s] writing dependency_links to ../../build/detection_node/detection_node.egg-info/dependency_links.txt
[1.359s] writing entry points to ../../build/detection_node/detection_node.egg-info/entry_points.txt
[1.359s] writing requirements to ../../build/detection_node/detection_node.egg-info/requires.txt
[1.359s] writing top-level names to ../../build/detection_node/detection_node.egg-info/top_level.txt
[1.361s] reading manifest file '../../build/detection_node/detection_node.egg-info/SOURCES.txt'
[1.363s] writing manifest file '../../build/detection_node/detection_node.egg-info/SOURCES.txt'
[1.363s] running build
[1.363s] running build_py
[1.363s] copying detection_node/publisher.py -> /home/vboxuser/turtlebot3_ws/build/detection_node/build/lib/detection_node
[1.364s] running install
[1.366s] running install_lib
[1.366s] copying /home/vboxuser/turtlebot3_ws/build/detection_node/build/lib/detection_node/publisher.py -> /home/vboxuser/turtlebot3_ws/install/detection_node/lib/python3.10/site-packages/detection_node
[1.367s] byte-compiling /home/vboxuser/turtlebot3_ws/install/detection_node/lib/python3.10/site-packages/detection_node/app.py to app.cpython-310.pyc
[1.367s] byte-compiling /home/vboxuser/turtlebot3_ws/install/detection_node/lib/python3.10/site-packages/detection_node/publisher.py to publisher.cpython-310.pyc
[1.367s]   File "/home/vboxuser/turtlebot3_ws/install/detection_node/lib/python3.10/site-packages/detection_node/app.py", line 19
[1.367s]     hands = mp_hands.Hands(
[1.367s]                           ^
[1.367s] SyntaxError: '(' was never closed
[1.367s] 
[1.371s] running install_data
[1.371s] running install_egg_info
[1.373s] removing '/home/vboxuser/turtlebot3_ws/install/detection_node/lib/python3.10/site-packages/detection_node-0.0.0-py3.10.egg-info' (and everything under it)
[1.374s] Copying ../../build/detection_node/detection_node.egg-info to /home/vboxuser/turtlebot3_ws/install/detection_node/lib/python3.10/site-packages/detection_node-0.0.0-py3.10.egg-info
[1.375s] running install_scripts
[1.400s] Installing talker script to /home/vboxuser/turtlebot3_ws/install/detection_node/lib/detection_node
[1.400s] writing list of installed files to '/home/vboxuser/turtlebot3_ws/build/detection_node/install.log'
[1.428s] Invoked command in '/home/vboxuser/turtlebot3_ws/src/detection_node' returned '0': PYTHONPATH=/home/vboxuser/turtlebot3_ws/build/detection_node/prefix_override:/usr/lib/python3/dist-packages/colcon_core/task/python/colcon_distutils_commands:/home/vboxuser/turtlebot3_ws/install/detection_node/lib/python3.10/site-packages:${PYTHONPATH} /usr/bin/python3 -W ignore:setup.py install is deprecated -W ignore:easy_install command is deprecated setup.py egg_info --egg-base ../../build/detection_node build --build-base /home/vboxuser/turtlebot3_ws/build/detection_node/build install --record /home/vboxuser/turtlebot3_ws/build/detection_node/install.log --single-version-externally-managed install_data
