running egg_info
creating ../../build/detection_node/detection_node.egg-info
writing ../../build/detection_node/detection_node.egg-info/PKG-INFO
writing dependency_links to ../../build/detection_node/detection_node.egg-info/dependency_links.txt
writing entry points to ../../build/detection_node/detection_node.egg-info/entry_points.txt
writing requirements to ../../build/detection_node/detection_node.egg-info/requires.txt
writing top-level names to ../../build/detection_node/detection_node.egg-info/top_level.txt
writing manifest file '../../build/detection_node/detection_node.egg-info/SOURCES.txt'
reading manifest file '../../build/detection_node/detection_node.egg-info/SOURCES.txt'
writing manifest file '../../build/detection_node/detection_node.egg-info/SOURCES.txt'
running build
running build_py
creating /home/vboxuser/turtlebot3_ws/build/detection_node/build
creating /home/vboxuser/turtlebot3_ws/build/detection_node/build/lib
creating /home/vboxuser/turtlebot3_ws/build/detection_node/build/lib/detection_node
copying detection_node/__init__.py -> /home/vboxuser/turtlebot3_ws/build/detection_node/build/lib/detection_node
copying detection_node/publisher.py -> /home/vboxuser/turtlebot3_ws/build/detection_node/build/lib/detection_node
running install
running install_lib
creating /home/vboxuser/turtlebot3_ws/install/detection_node/lib/python3.10/site-packages/detection_node
copying /home/vboxuser/turtlebot3_ws/build/detection_node/build/lib/detection_node/__init__.py -> /home/vboxuser/turtlebot3_ws/install/detection_node/lib/python3.10/site-packages/detection_node
copying /home/vboxuser/turtlebot3_ws/build/detection_node/build/lib/detection_node/publisher.py -> /home/vboxuser/turtlebot3_ws/install/detection_node/lib/python3.10/site-packages/detection_node
byte-compiling /home/vboxuser/turtlebot3_ws/install/detection_node/lib/python3.10/site-packages/detection_node/__init__.py to __init__.cpython-310.pyc
byte-compiling /home/vboxuser/turtlebot3_ws/install/detection_node/lib/python3.10/site-packages/detection_node/publisher.py to publisher.cpython-310.pyc
running install_data
creating /home/vboxuser/turtlebot3_ws/install/detection_node/share/ament_index
creating /home/vboxuser/turtlebot3_ws/install/detection_node/share/ament_index/resource_index
creating /home/vboxuser/turtlebot3_ws/install/detection_node/share/ament_index/resource_index/packages
copying resource/detection_node -> /home/vboxuser/turtlebot3_ws/install/detection_node/share/ament_index/resource_index/packages
copying package.xml -> /home/vboxuser/turtlebot3_ws/install/detection_node/share/detection_node
running install_egg_info
Copying ../../build/detection_node/detection_node.egg-info to /home/vboxuser/turtlebot3_ws/install/detection_node/lib/python3.10/site-packages/detection_node-0.0.0-py3.10.egg-info
running install_scripts
Installing talker script to /home/vboxuser/turtlebot3_ws/install/detection_node/lib/detection_node
writing list of installed files to '/home/vboxuser/turtlebot3_ws/build/detection_node/install.log'
