[1.274s] Invoking command in '/home/vboxuser/turtlebot3_ws/src/detection_node': PYTHONPATH=/home/vboxuser/turtlebot3_ws/build/detection_node/prefix_override:/usr/lib/python3/dist-packages/colcon_core/task/python/colcon_distutils_commands:/home/vboxuser/turtlebot3_ws/install/detection_node/lib/python3.10/site-packages:${PYTHONPATH} /usr/bin/python3 -W ignore:setup.py install is deprecated -W ignore:easy_install command is deprecated setup.py egg_info --egg-base ../../build/detection_node build --build-base /home/vboxuser/turtlebot3_ws/build/detection_node/build install --record /home/vboxuser/turtlebot3_ws/build/detection_node/install.log --single-version-externally-managed install_data
[1.663s] running egg_info
[1.663s] creating ../../build/detection_node/detection_node.egg-info
[1.665s] writing ../../build/detection_node/detection_node.egg-info/PKG-INFO
[1.665s] writing dependency_links to ../../build/detection_node/detection_node.egg-info/dependency_links.txt
[1.665s] writing entry points to ../../build/detection_node/detection_node.egg-info/entry_points.txt
[1.665s] writing requirements to ../../build/detection_node/detection_node.egg-info/requires.txt
[1.665s] writing top-level names to ../../build/detection_node/detection_node.egg-info/top_level.txt
[1.666s] writing manifest file '../../build/detection_node/detection_node.egg-info/SOURCES.txt'
[1.667s] reading manifest file '../../build/detection_node/detection_node.egg-info/SOURCES.txt'
[1.667s] writing manifest file '../../build/detection_node/detection_node.egg-info/SOURCES.txt'
[1.668s] running build
[1.668s] running build_py
[1.668s] creating /home/vboxuser/turtlebot3_ws/build/detection_node/build
[1.668s] creating /home/vboxuser/turtlebot3_ws/build/detection_node/build/lib
[1.668s] creating /home/vboxuser/turtlebot3_ws/build/detection_node/build/lib/detection_node
[1.669s] copying detection_node/__init__.py -> /home/vboxuser/turtlebot3_ws/build/detection_node/build/lib/detection_node
[1.670s] copying detection_node/publisher.py -> /home/vboxuser/turtlebot3_ws/build/detection_node/build/lib/detection_node
[1.670s] running install
[1.670s] running install_lib
[1.670s] creating /home/vboxuser/turtlebot3_ws/install/detection_node/lib/python3.10/site-packages/detection_node
[1.671s] copying /home/vboxuser/turtlebot3_ws/build/detection_node/build/lib/detection_node/__init__.py -> /home/vboxuser/turtlebot3_ws/install/detection_node/lib/python3.10/site-packages/detection_node
[1.671s] copying /home/vboxuser/turtlebot3_ws/build/detection_node/build/lib/detection_node/publisher.py -> /home/vboxuser/turtlebot3_ws/install/detection_node/lib/python3.10/site-packages/detection_node
[1.672s] byte-compiling /home/vboxuser/turtlebot3_ws/install/detection_node/lib/python3.10/site-packages/detection_node/__init__.py to __init__.cpython-310.pyc
[1.672s] byte-compiling /home/vboxuser/turtlebot3_ws/install/detection_node/lib/python3.10/site-packages/detection_node/publisher.py to publisher.cpython-310.pyc
[1.672s] running install_data
[1.672s] creating /home/vboxuser/turtlebot3_ws/install/detection_node/share/ament_index
[1.672s] creating /home/vboxuser/turtlebot3_ws/install/detection_node/share/ament_index/resource_index
[1.672s] creating /home/vboxuser/turtlebot3_ws/install/detection_node/share/ament_index/resource_index/packages
[1.673s] copying resource/detection_node -> /home/vboxuser/turtlebot3_ws/install/detection_node/share/ament_index/resource_index/packages
[1.673s] copying package.xml -> /home/vboxuser/turtlebot3_ws/install/detection_node/share/detection_node
[1.674s] running install_egg_info
[1.674s] Copying ../../build/detection_node/detection_node.egg-info to /home/vboxuser/turtlebot3_ws/install/detection_node/lib/python3.10/site-packages/detection_node-0.0.0-py3.10.egg-info
[1.675s] running install_scripts
[1.711s] Installing talker script to /home/vboxuser/turtlebot3_ws/install/detection_node/lib/detection_node
[1.711s] writing list of installed files to '/home/vboxuser/turtlebot3_ws/build/detection_node/install.log'
[1.739s] Invoked command in '/home/vboxuser/turtlebot3_ws/src/detection_node' returned '0': PYTHONPATH=/home/vboxuser/turtlebot3_ws/build/detection_node/prefix_override:/usr/lib/python3/dist-packages/colcon_core/task/python/colcon_distutils_commands:/home/vboxuser/turtlebot3_ws/install/detection_node/lib/python3.10/site-packages:${PYTHONPATH} /usr/bin/python3 -W ignore:setup.py install is deprecated -W ignore:easy_install command is deprecated setup.py egg_info --egg-base ../../build/detection_node build --build-base /home/vboxuser/turtlebot3_ws/build/detection_node/build install --record /home/vboxuser/turtlebot3_ws/build/detection_node/install.log --single-version-externally-managed install_data
