[1.275s] Invoking command in '/home/vboxuser/turtlebot3_ws/src/detection_node': PS1=(hand_detection) \[\e]0;\u@\h: \w\a\]${debian_chroot:+($debian_chroot)}\[\033[01;32m\]\u@\h\[\033[00m\]:\[\033[01;34m\]\w\[\033[00m\]\$ PYTHONPATH=/home/vboxuser/turtlebot3_ws/build/detection_node/prefix_override:/usr/lib/python3/dist-packages/colcon_core/task/python/colcon_distutils_commands:/home/vboxuser/turtlebot3_ws/install/detection_node/lib/python3.10/site-packages: /usr/bin/python3 -W ignore:setup.py install is deprecated -W ignore:easy_install command is deprecated setup.py egg_info --egg-base ../../build/detection_node build --build-base /home/vboxuser/turtlebot3_ws/build/detection_node/build install --record /home/vboxuser/turtlebot3_ws/build/detection_node/install.log --single-version-externally-managed install_data
[1.562s] running egg_info
[1.562s] writing ../../build/detection_node/detection_node.egg-info/PKG-INFO
[1.562s] writing dependency_links to ../../build/detection_node/detection_node.egg-info/dependency_links.txt
[1.563s] writing entry points to ../../build/detection_node/detection_node.egg-info/entry_points.txt
[1.563s] writing requirements to ../../build/detection_node/detection_node.egg-info/requires.txt
[1.563s] writing top-level names to ../../build/detection_node/detection_node.egg-info/top_level.txt
[1.564s] reading manifest file '../../build/detection_node/detection_node.egg-info/SOURCES.txt'
[1.566s] writing manifest file '../../build/detection_node/detection_node.egg-info/SOURCES.txt'
[1.566s] running build
[1.566s] running build_py
[1.566s] running install
[1.567s] running install_lib
[1.568s] byte-compiling /home/vboxuser/turtlebot3_ws/install/detection_node/lib/python3.10/site-packages/detection_node/app.py to app.cpython-310.pyc
[1.569s]   File "/home/vboxuser/turtlebot3_ws/install/detection_node/lib/python3.10/site-packages/detection_node/app.py", line 19
[1.569s]     hands = mp_hands.Hands(
[1.569s]                           ^
[1.569s] SyntaxError: '(' was never closed
[1.569s] 
[1.570s] running install_data
[1.570s] running install_egg_info
[1.571s] removing '/home/vboxuser/turtlebot3_ws/install/detection_node/lib/python3.10/site-packages/detection_node-0.0.0-py3.10.egg-info' (and everything under it)
[1.572s] Copying ../../build/detection_node/detection_node.egg-info to /home/vboxuser/turtlebot3_ws/install/detection_node/lib/python3.10/site-packages/detection_node-0.0.0-py3.10.egg-info
[1.581s] running install_scripts
[1.621s] Installing talker script to /home/vboxuser/turtlebot3_ws/install/detection_node/lib/detection_node
[1.621s] writing list of installed files to '/home/vboxuser/turtlebot3_ws/build/detection_node/install.log'
[1.666s] Invoked command in '/home/vboxuser/turtlebot3_ws/src/detection_node' returned '0': PS1=(hand_detection) \[\e]0;\u@\h: \w\a\]${debian_chroot:+($debian_chroot)}\[\033[01;32m\]\u@\h\[\033[00m\]:\[\033[01;34m\]\w\[\033[00m\]\$ PYTHONPATH=/home/vboxuser/turtlebot3_ws/build/detection_node/prefix_override:/usr/lib/python3/dist-packages/colcon_core/task/python/colcon_distutils_commands:/home/vboxuser/turtlebot3_ws/install/detection_node/lib/python3.10/site-packages: /usr/bin/python3 -W ignore:setup.py install is deprecated -W ignore:easy_install command is deprecated setup.py egg_info --egg-base ../../build/detection_node build --build-base /home/vboxuser/turtlebot3_ws/build/detection_node/build install --record /home/vboxuser/turtlebot3_ws/build/detection_node/install.log --single-version-externally-managed install_data
