[0.017s] Invoking command in '/home/vboxuser/turtlebot3_ws/build/turtlebot3_fake_node': /usr/bin/cmake /home/vboxuser/turtlebot3_ws/src/turtlebot3_simulations/turtlebot3_fake_node -DAMENT_CMAKE_SYMLINK_INSTALL=1 -DCMAKE_INSTALL_PREFIX=/home/vboxuser/turtlebot3_ws/install/turtlebot3_fake_node
[0.289s] -- The C compiler identification is GNU 11.4.0
[0.466s] -- The CXX compiler identification is GNU 11.4.0
[0.475s] -- Detecting C compiler ABI info
[0.563s] -- Detecting C compiler ABI info - done
[0.572s] -- Check for working C compiler: /usr/bin/cc - skipped
[0.574s] -- Detecting C compile features
[0.575s] -- Detecting C compile features - done
[0.579s] -- Detecting CXX compiler ABI info
[0.686s] -- Detecting CXX compiler ABI info - done
[0.699s] -- Check for working CXX compiler: /usr/bin/c++ - skipped
[0.699s] -- Detecting CXX compile features
[0.699s] -- Detecting CXX compile features - done
[0.711s] [31mCMake Error at CMakeLists.txt:18 (find_package):
[0.711s]   By not providing "Findament_cmake.cmake" in CMAKE_MODULE_PATH this project
[0.712s]   has asked CMake to find a package configuration file provided by
[0.712s]   "ament_cmake", but CMake did not find one.
[0.712s] 
[0.712s]   Could not find a package configuration file provided by "ament_cmake" with
[0.712s]   any of the following names:
[0.712s] 
[0.712s]     ament_cmakeConfig.cmake
[0.712s]     ament_cmake-config.cmake
[0.712s] 
[0.712s]   Add the installation prefix of "ament_cmake" to CMAKE_PREFIX_PATH or set
[0.712s]   "ament_cmake_DIR" to a directory containing one of the above files.  If
[0.712s]   "ament_cmake" provides a separate development package or SDK, be sure it
[0.712s]   has been installed.
[0.712s] 
[0.712s] [0m
[0.713s] -- Configuring incomplete, errors occurred!
[0.713s] See also "/home/vboxuser/turtlebot3_ws/build/turtlebot3_fake_node/CMakeFiles/CMakeOutput.log".
[0.714s] Invoked command in '/home/vboxuser/turtlebot3_ws/build/turtlebot3_fake_node' returned '1': /usr/bin/cmake /home/vboxuser/turtlebot3_ws/src/turtlebot3_simulations/turtlebot3_fake_node -DAMENT_CMAKE_SYMLINK_INSTALL=1 -DCMAKE_INSTALL_PREFIX=/home/vboxuser/turtlebot3_ws/install/turtlebot3_fake_node
