[0.031s] Invoking command in '/home/vboxuser/turtlebot3_ws/build/turtlebot3_gazebo': PS1=(hand_detection) \[\e]0;\u@\h: \w\a\]${debian_chroot:+($debian_chroot)}\[\033[01;32m\]\u@\h\[\033[00m\]:\[\033[01;34m\]\w\[\033[00m\]\$ /usr/bin/cmake /home/vboxuser/turtlebot3_ws/src/turtlebot3_simulations/turtlebot3_gazebo -DCMAKE_INSTALL_PREFIX=/home/vboxuser/turtlebot3_ws/install/turtlebot3_gazebo
[0.102s] -- Found ament_cmake: 1.3.10 (/opt/ros/humble/share/ament_cmake/cmake)
[0.375s] Traceback (most recent call last):
[0.375s]   File "/opt/ros/humble/share/ament_cmake_core/cmake/package_templates/templates_2_cmake.py", line 21, in <module>
[0.376s]     from ament_package.templates import get_environment_hook_template_path
[0.376s] ModuleNotFoundError: No module named 'ament_package'
[0.395s] [31mCMake Error at /opt/ros/humble/share/ament_cmake_core/cmake/ament_cmake_package_templates-extras.cmake:41 (message):
[0.395s]   execute_process(/usr/bin/python3
[0.395s]   /opt/ros/humble/share/ament_cmake_core/cmake/package_templates/templates_2_cmake.py
[0.395s]   /home/vboxuser/turtlebot3_ws/build/turtlebot3_gazebo/ament_cmake_package_templates/templates.cmake)
[0.395s]   returned error code 1
[0.395s] Call Stack (most recent call first):
[0.395s]   /opt/ros/humble/share/ament_cmake_core/cmake/ament_cmake_coreConfig.cmake:41 (include)
[0.395s]   /opt/ros/humble/share/ament_cmake/cmake/ament_cmake_export_dependencies-extras.cmake:15 (find_package)
[0.396s]   /opt/ros/humble/share/ament_cmake/cmake/ament_cmakeConfig.cmake:41 (include)
[0.396s]   CMakeLists.txt:22 (find_package)
[0.396s] 
[0.396s] [0m
[0.399s] -- Configuring incomplete, errors occurred!
[0.399s] See also "/home/vboxuser/turtlebot3_ws/build/turtlebot3_gazebo/CMakeFiles/CMakeOutput.log".
[0.425s] Invoked command in '/home/vboxuser/turtlebot3_ws/build/turtlebot3_gazebo' returned '1': PS1=(hand_detection) \[\e]0;\u@\h: \w\a\]${debian_chroot:+($debian_chroot)}\[\033[01;32m\]\u@\h\[\033[00m\]:\[\033[01;34m\]\w\[\033[00m\]\$ /usr/bin/cmake /home/vboxuser/turtlebot3_ws/src/turtlebot3_simulations/turtlebot3_gazebo -DCMAKE_INSTALL_PREFIX=/home/vboxuser/turtlebot3_ws/install/turtlebot3_gazebo
