[1.176s] Invoking command in '/home/vboxuser/turtlebot3_ws/src/detection_node': PYTHONPATH=/home/vboxuser/turtlebot3_ws/build/detection_node/prefix_override:/usr/lib/python3/dist-packages/colcon_core/task/python/colcon_distutils_commands:/home/vboxuser/turtlebot3_ws/install/detection_node/lib/python3.10/site-packages:${PYTHONPATH} /usr/bin/python3 -W ignore:setup.py install is deprecated -W ignore:easy_install command is deprecated setup.py egg_info --egg-base ../../build/detection_node build --build-base /home/vboxuser/turtlebot3_ws/build/detection_node/build install --record /home/vboxuser/turtlebot3_ws/build/detection_node/install.log --single-version-externally-managed install_data
[1.558s] running egg_info
[1.558s] writing ../../build/detection_node/detection_node.egg-info/PKG-INFO
[1.558s] writing dependency_links to ../../build/detection_node/detection_node.egg-info/dependency_links.txt
[1.559s] writing entry points to ../../build/detection_node/detection_node.egg-info/entry_points.txt
[1.559s] writing requirements to ../../build/detection_node/detection_node.egg-info/requires.txt
[1.559s] writing top-level names to ../../build/detection_node/detection_node.egg-info/top_level.txt
[1.561s] reading manifest file '../../build/detection_node/detection_node.egg-info/SOURCES.txt'
[1.563s] writing manifest file '../../build/detection_node/detection_node.egg-info/SOURCES.txt'
[1.563s] running build
[1.563s] running build_py
[1.563s] copying detection_node/app.py -> /home/vboxuser/turtlebot3_ws/build/detection_node/build/lib/detection_node
[1.564s] copying detection_node/publisher.py -> /home/vboxuser/turtlebot3_ws/build/detection_node/build/lib/detection_node
[1.564s] creating /home/vboxuser/turtlebot3_ws/build/detection_node/build/lib/detection_node/model
[1.564s] copying detection_node/model/__init__.py -> /home/vboxuser/turtlebot3_ws/build/detection_node/build/lib/detection_node/model
[1.565s] running install
[1.565s] running install_lib
[1.566s] creating /home/vboxuser/turtlebot3_ws/install/detection_node/lib/python3.10/site-packages/detection_node/model
[1.567s] copying /home/vboxuser/turtlebot3_ws/build/detection_node/build/lib/detection_node/model/__init__.py -> /home/vboxuser/turtlebot3_ws/install/detection_node/lib/python3.10/site-packages/detection_node/model
[1.567s] copying /home/vboxuser/turtlebot3_ws/build/detection_node/build/lib/detection_node/app.py -> /home/vboxuser/turtlebot3_ws/install/detection_node/lib/python3.10/site-packages/detection_node
[1.567s] copying /home/vboxuser/turtlebot3_ws/build/detection_node/build/lib/detection_node/publisher.py -> /home/vboxuser/turtlebot3_ws/install/detection_node/lib/python3.10/site-packages/detection_node
[1.567s] byte-compiling /home/vboxuser/turtlebot3_ws/install/detection_node/lib/python3.10/site-packages/detection_node/model/__init__.py to __init__.cpython-310.pyc
[1.568s] byte-compiling /home/vboxuser/turtlebot3_ws/install/detection_node/lib/python3.10/site-packages/detection_node/app.py to app.cpython-310.pyc
[1.568s]   File "/home/vboxuser/turtlebot3_ws/install/detection_node/lib/python3.10/site-packages/detection_node/app.py", line 19
[1.568s]     hands = mp_hands.Hands(
[1.569s]                           ^
[1.569s] SyntaxError: '(' was never closed
[1.569s] 
[1.569s] byte-compiling /home/vboxuser/turtlebot3_ws/install/detection_node/lib/python3.10/site-packages/detection_node/publisher.py to publisher.cpython-310.pyc
[1.570s] running install_data
[1.570s] running install_egg_info
[1.572s] removing '/home/vboxuser/turtlebot3_ws/install/detection_node/lib/python3.10/site-packages/detection_node-0.0.0-py3.10.egg-info' (and everything under it)
[1.572s] Copying ../../build/detection_node/detection_node.egg-info to /home/vboxuser/turtlebot3_ws/install/detection_node/lib/python3.10/site-packages/detection_node-0.0.0-py3.10.egg-info
[1.581s] running install_scripts
[1.607s] Installing talker script to /home/vboxuser/turtlebot3_ws/install/detection_node/lib/detection_node
[1.608s] writing list of installed files to '/home/vboxuser/turtlebot3_ws/build/detection_node/install.log'
[1.654s] Invoked command in '/home/vboxuser/turtlebot3_ws/src/detection_node' returned '0': PYTHONPATH=/home/vboxuser/turtlebot3_ws/build/detection_node/prefix_override:/usr/lib/python3/dist-packages/colcon_core/task/python/colcon_distutils_commands:/home/vboxuser/turtlebot3_ws/install/detection_node/lib/python3.10/site-packages:${PYTHONPATH} /usr/bin/python3 -W ignore:setup.py install is deprecated -W ignore:easy_install command is deprecated setup.py egg_info --egg-base ../../build/detection_node build --build-base /home/vboxuser/turtlebot3_ws/build/detection_node/build install --record /home/vboxuser/turtlebot3_ws/build/detection_node/install.log --single-version-externally-managed install_data
