[1.127s] Invoking command in '/home/vboxuser/turtlebot3_ws/src/gesture_detection': PYTHONPATH=/home/vboxuser/turtlebot3_ws/build/gesture_detection/prefix_override:/usr/lib/python3/dist-packages/colcon_core/task/python/colcon_distutils_commands:/home/vboxuser/turtlebot3_ws/install/gesture_detection/lib/python3.10/site-packages:${PYTHONPATH} /usr/bin/python3 -W ignore:setup.py install is deprecated -W ignore:easy_install command is deprecated setup.py egg_info --egg-base ../../build/gesture_detection build --build-base /home/vboxuser/turtlebot3_ws/build/gesture_detection/build install --record /home/vboxuser/turtlebot3_ws/build/gesture_detection/install.log --single-version-externally-managed install_data
[1.491s] running egg_info
[1.493s] writing ../../build/gesture_detection/gesture_detection.egg-info/PKG-INFO
[1.494s] writing dependency_links to ../../build/gesture_detection/gesture_detection.egg-info/dependency_links.txt
[1.494s] writing entry points to ../../build/gesture_detection/gesture_detection.egg-info/entry_points.txt
[1.494s] writing requirements to ../../build/gesture_detection/gesture_detection.egg-info/requires.txt
[1.495s] writing top-level names to ../../build/gesture_detection/gesture_detection.egg-info/top_level.txt
[1.497s] reading manifest file '../../build/gesture_detection/gesture_detection.egg-info/SOURCES.txt'
[1.498s] adding license file 'LICENSE'
[1.498s] writing manifest file '../../build/gesture_detection/gesture_detection.egg-info/SOURCES.txt'
[1.501s] running build
[1.501s] running build_py
[1.501s] running install
[1.501s] running install_lib
[1.502s] running install_data
[1.502s] running install_egg_info
[1.502s] removing '/home/vboxuser/turtlebot3_ws/install/gesture_detection/lib/python3.10/site-packages/gesture_detection-0.0.0-py3.10.egg-info' (and everything under it)
[1.504s] Copying ../../build/gesture_detection/gesture_detection.egg-info to /home/vboxuser/turtlebot3_ws/install/gesture_detection/lib/python3.10/site-packages/gesture_detection-0.0.0-py3.10.egg-info
[1.504s] running install_scripts
[1.534s] Installing talker script to /home/vboxuser/turtlebot3_ws/install/gesture_detection/lib/gesture_detection
[1.535s] writing list of installed files to '/home/vboxuser/turtlebot3_ws/build/gesture_detection/install.log'
[1.574s] Invoked command in '/home/vboxuser/turtlebot3_ws/src/gesture_detection' returned '0': PYTHONPATH=/home/vboxuser/turtlebot3_ws/build/gesture_detection/prefix_override:/usr/lib/python3/dist-packages/colcon_core/task/python/colcon_distutils_commands:/home/vboxuser/turtlebot3_ws/install/gesture_detection/lib/python3.10/site-packages:${PYTHONPATH} /usr/bin/python3 -W ignore:setup.py install is deprecated -W ignore:easy_install command is deprecated setup.py egg_info --egg-base ../../build/gesture_detection build --build-base /home/vboxuser/turtlebot3_ws/build/gesture_detection/build install --record /home/vboxuser/turtlebot3_ws/build/gesture_detection/install.log --single-version-externally-managed install_data
